2023-07-27 11:23:29 INFO  springAppName_IS_UNDEFINED background-preinit org.hibernate.validator.internal.util.Version HV000001: Hibernate Validator 6.2.5.Final
2023-07-27 11:23:29 INFO  springAppName_IS_UNDEFINED main com.example.localdemo.LocalDemoApplication Starting LocalDemoApplication using Java 1.8.0_291 on LAPTOP-BN3IUSRS with PID 8048 (H:\Java Idea Project\LocalDemo\target\classes started by siyu in H:\Java Idea Project\LocalDemo)
2023-07-27 11:23:29 INFO  springAppName_IS_UNDEFINED main com.example.localdemo.LocalDemoApplication The following 1 profile is active: "prod"
2023-07-27 11:23:31 INFO  springAppName_IS_UNDEFINED main org.springframework.data.repository.config.RepositoryConfigurationDelegate Multiple Spring Data modules found, entering strict repository configuration mode
2023-07-27 11:23:31 INFO  springAppName_IS_UNDEFINED main org.springframework.data.repository.config.RepositoryConfigurationDelegate Bootstrapping Spring Data Redis repositories in DEFAULT mode.
2023-07-27 11:23:31 INFO  springAppName_IS_UNDEFINED main org.springframework.data.repository.config.RepositoryConfigurationDelegate Finished Spring Data repository scanning in 17 ms. Found 0 Redis repository interfaces.
2023-07-27 11:23:32 INFO  springAppName_IS_UNDEFINED main org.springframework.context.support.PostProcessorRegistrationDelegate$BeanPostProcessorChecker Bean 'spring.datasource.dynamic-com.baomidou.dynamic.datasource.spring.boot.autoconfigure.DynamicDataSourceProperties' of type [com.baomidou.dynamic.datasource.spring.boot.autoconfigure.DynamicDataSourceProperties] is not eligible for getting processed by all BeanPostProcessors (for example: not eligible for auto-proxying)
2023-07-27 11:23:32 INFO  springAppName_IS_UNDEFINED main org.springframework.context.support.PostProcessorRegistrationDelegate$BeanPostProcessorChecker Bean 'com.baomidou.dynamic.datasource.spring.boot.autoconfigure.DynamicDataSourceAutoConfiguration' of type [com.baomidou.dynamic.datasource.spring.boot.autoconfigure.DynamicDataSourceAutoConfiguration$$EnhancerBySpringCGLIB$$29388249] is not eligible for getting processed by all BeanPostProcessors (for example: not eligible for auto-proxying)
2023-07-27 11:23:32 INFO  springAppName_IS_UNDEFINED main org.springframework.context.support.PostProcessorRegistrationDelegate$BeanPostProcessorChecker Bean 'dsProcessor' of type [com.baomidou.dynamic.datasource.processor.DsHeaderProcessor] is not eligible for getting processed by all BeanPostProcessors (for example: not eligible for auto-proxying)
2023-07-27 11:23:33 INFO  springAppName_IS_UNDEFINED main org.springframework.boot.web.embedded.tomcat.TomcatWebServer Tomcat initialized with port(s): 9099 (http)
2023-07-27 11:23:33 INFO  springAppName_IS_UNDEFINED main org.apache.coyote.http11.Http11NioProtocol Initializing ProtocolHandler ["http-nio-9099"]
2023-07-27 11:23:33 INFO  springAppName_IS_UNDEFINED main org.apache.catalina.core.StandardService Starting service [Tomcat]
2023-07-27 11:23:33 INFO  springAppName_IS_UNDEFINED main org.apache.catalina.core.StandardEngine Starting Servlet engine: [Apache Tomcat/9.0.70]
2023-07-27 11:23:33 INFO  springAppName_IS_UNDEFINED main org.apache.catalina.core.ContainerBase.[Tomcat].[localhost].[/] Initializing Spring embedded WebApplicationContext
2023-07-27 11:23:33 INFO  springAppName_IS_UNDEFINED main org.springframework.boot.web.servlet.context.ServletWebServerApplicationContext Root WebApplicationContext: initialization completed in 3601 ms
2023-07-27 11:23:37 INFO  springAppName_IS_UNDEFINED main com.alibaba.druid.pool.DruidDataSource {dataSource-1,master} inited
2023-07-27 11:23:37 INFO  springAppName_IS_UNDEFINED main com.alibaba.druid.pool.DruidDataSource {dataSource-2,mysql} inited
2023-07-27 11:23:37 INFO  springAppName_IS_UNDEFINED main com.alibaba.druid.pool.DruidDataSource {dataSource-3,sqlserver} inited
2023-07-27 11:23:37 INFO  springAppName_IS_UNDEFINED main com.alibaba.druid.pool.DruidDataSource {dataSource-4,Oracle} inited
2023-07-27 11:23:37 INFO  springAppName_IS_UNDEFINED main com.baomidou.dynamic.datasource.DynamicRoutingDataSource dynamic-datasource - add a datasource named [sqlserver] success
2023-07-27 11:23:37 INFO  springAppName_IS_UNDEFINED main com.baomidou.dynamic.datasource.DynamicRoutingDataSource dynamic-datasource - add a datasource named [mysql] success
2023-07-27 11:23:37 INFO  springAppName_IS_UNDEFINED main com.baomidou.dynamic.datasource.DynamicRoutingDataSource dynamic-datasource - add a datasource named [Oracle] success
2023-07-27 11:23:37 INFO  springAppName_IS_UNDEFINED main com.baomidou.dynamic.datasource.DynamicRoutingDataSource dynamic-datasource - add a datasource named [master] success
2023-07-27 11:23:37 INFO  springAppName_IS_UNDEFINED main com.baomidou.dynamic.datasource.DynamicRoutingDataSource dynamic-datasource initial loaded [4] datasource,primary datasource named [master]
2023-07-27 11:23:39 INFO  springAppName_IS_UNDEFINED main org.quartz.impl.StdSchedulerFactory Using default implementation for ThreadExecutor
2023-07-27 11:23:39 INFO  springAppName_IS_UNDEFINED main org.quartz.core.SchedulerSignalerImpl Initialized Scheduler Signaller of type: class org.quartz.core.SchedulerSignalerImpl
2023-07-27 11:23:39 INFO  springAppName_IS_UNDEFINED main org.quartz.core.QuartzScheduler Quartz Scheduler v.2.3.2 created.
2023-07-27 11:23:39 INFO  springAppName_IS_UNDEFINED main org.quartz.simpl.RAMJobStore RAMJobStore initialized.
2023-07-27 11:23:39 INFO  springAppName_IS_UNDEFINED main org.quartz.core.QuartzScheduler Scheduler meta-data: Quartz Scheduler (v2.3.2) 'quartzScheduler' with instanceId 'NON_CLUSTERED'
  Scheduler class: 'org.quartz.core.QuartzScheduler' - running locally.
  NOT STARTED.
  Currently in standby mode.
  Number of jobs executed: 0
  Using thread pool 'org.quartz.simpl.SimpleThreadPool' - with 10 threads.
  Using job-store 'org.quartz.simpl.RAMJobStore' - which does not support persistence. and is not clustered.

2023-07-27 11:23:39 INFO  springAppName_IS_UNDEFINED main org.quartz.impl.StdSchedulerFactory Quartz scheduler 'quartzScheduler' initialized from an externally provided properties instance.
2023-07-27 11:23:39 INFO  springAppName_IS_UNDEFINED main org.quartz.impl.StdSchedulerFactory Quartz scheduler version: 2.3.2
2023-07-27 11:23:39 INFO  springAppName_IS_UNDEFINED main org.quartz.core.QuartzScheduler JobFactory set to: org.springframework.scheduling.quartz.SpringBeanJobFactory@54daf8f9
2023-07-27 11:23:41 INFO  springAppName_IS_UNDEFINED main org.apache.coyote.http11.Http11NioProtocol Starting ProtocolHandler ["http-nio-9099"]
2023-07-27 11:23:41 INFO  springAppName_IS_UNDEFINED main org.springframework.boot.web.embedded.tomcat.TomcatWebServer Tomcat started on port(s): 9099 (http) with context path ''
2023-07-27 11:23:41 INFO  springAppName_IS_UNDEFINED main org.springframework.amqp.rabbit.connection.CachingConnectionFactory Attempting to connect to: [127.0.0.1:5672]
2023-07-27 11:23:41 INFO  springAppName_IS_UNDEFINED main org.springframework.amqp.rabbit.connection.CachingConnectionFactory Created new connection: rabbitConnectionFactory#44b940a2:0/SimpleConnection@1d40f597 [delegate=amqp://guest@127.0.0.1:5672/, localPort= 51298]
2023-07-27 11:23:41 INFO  springAppName_IS_UNDEFINED main org.springframework.scheduling.quartz.SchedulerFactoryBean Starting Quartz Scheduler now
2023-07-27 11:23:41 INFO  springAppName_IS_UNDEFINED main org.quartz.core.QuartzScheduler Scheduler quartzScheduler_$_NON_CLUSTERED started.
2023-07-27 11:23:41 INFO  springAppName_IS_UNDEFINED main com.example.localdemo.LocalDemoApplication Started LocalDemoApplication in 12.85 seconds (JVM running for 15.195)
2023-07-27 11:26:34 INFO  springAppName_IS_UNDEFINED http-nio-9099-exec-1 org.apache.catalina.core.ContainerBase.[Tomcat].[localhost].[/] Initializing Spring DispatcherServlet 'dispatcherServlet'
2023-07-27 11:26:34 INFO  springAppName_IS_UNDEFINED http-nio-9099-exec-1 org.springframework.web.servlet.DispatcherServlet Initializing Servlet 'dispatcherServlet'
2023-07-27 11:26:34 INFO  springAppName_IS_UNDEFINED http-nio-9099-exec-1 org.springframework.web.servlet.DispatcherServlet Completed initialization in 2 ms
2023-07-27 11:26:34 INFO  springAppName_IS_UNDEFINED http-nio-9099-exec-1 com.example.localdemo.annotation.aspect.TakeTimeAspect [addJob]方法开始时间：2023-11-27 11:26:34
2023-07-27 11:26:34 INFO  springAppName_IS_UNDEFINED http-nio-9099-exec-1 com.example.localdemo.annotation.aspect.TakeTimeAspect [addJob]方法,请求的时间为：2023-11-27 11:26:34,请求的介质为：PostmanRuntime/7.32.3,当前请求的URL为：http://127.0.0.1:9099/sys/quartzJob/add,请求类型为：POST,用户请求的IP地址为：127.0.0.1
2023-07-27 11:26:35 INFO  springAppName_IS_UNDEFINED http-nio-9099-exec-1 com.example.localdemo.service.impl.QuartzJobServiceImpl 新增的后台事务存储状态：true
2023-07-27 11:26:35 INFO  springAppName_IS_UNDEFINED http-nio-9099-exec-1 com.example.localdemo.annotation.aspect.TakeTimeAspect 请求返回的结果为：{"code":0,"data":{"createBy":"admin","createTime":1690428394849,"cronExpression":"0/1 * * * * ? *","delFlag":-1,"description":"测试","id":"cVb2hO26T1ZtgH5oaz-Tf1690428394849","jobClassName":"com.example.localdemo.job.ClearLogs","parameter":"12","status":-1},"message":"操作成功！","success":true,"timeStamp":1690428395,"total":0}
2023-07-27 11:26:35 INFO  springAppName_IS_UNDEFINED http-nio-9099-exec-1 com.example.localdemo.annotation.aspect.TakeTimeAspect [addJob]方法结束时间：2023-11-27 11:26:35
2023-07-27 11:26:35 INFO  springAppName_IS_UNDEFINED http-nio-9099-exec-1 com.example.localdemo.annotation.aspect.TakeTimeAspect [addJob]方法消耗时间：438 ms
2023-07-27 11:26:35 INFO  springAppName_IS_UNDEFINED org.springframework.amqp.rabbit.RabbitListenerEndpointContainer#0-1 com.example.localdemo.mq.receiver.DirectLogReceiver 获取到log-queue队列的消息数据为：LogMessage(id=1684404889188302848, startTime=Thu Jul 27 11:26:34 CST 2023, requestStyle=PostmanRuntime/7.32.3, requestUrl=http://127.0.0.1:9099/sys/quartzJob/add, requestType=POST, requestIp=127.0.0.1, requestResult=null, endTime=Thu Jul 27 11:26:35 CST 2023, expendTime=438)
2023-07-27 11:26:35 INFO  springAppName_IS_UNDEFINED org.springframework.amqp.rabbit.RabbitListenerEndpointContainer#0-1 com.example.localdemo.mq.receiver.DirectLogReceiver log-queue队列的消息数据存储成功
2023-07-27 11:29:26 INFO  springAppName_IS_UNDEFINED http-nio-9099-exec-6 com.example.localdemo.annotation.aspect.TakeTimeAspect [executeJob]方法开始时间：2023-11-27 11:29:26
2023-07-27 11:29:26 INFO  springAppName_IS_UNDEFINED http-nio-9099-exec-6 com.example.localdemo.annotation.aspect.TakeTimeAspect [executeJob]方法,请求的时间为：2023-11-27 11:29:26,请求的介质为：PostmanRuntime/7.32.3,当前请求的URL为：http://127.0.0.1:9099/sys/quartzJob/execute,请求类型为：POST,用户请求的IP地址为：127.0.0.1
2023-07-27 11:29:27 INFO  springAppName_IS_UNDEFINED http-nio-9099-exec-6 com.example.localdemo.authentication.TokenAspect The token was expected 3 parts, but got 1.
2023-07-27 11:29:27 INFO  springAppName_IS_UNDEFINED http-nio-9099-exec-6 org.quartz.core.QuartzScheduler Scheduler quartzScheduler_$_NON_CLUSTERED started.
2023-07-27 11:29:27 INFO  springAppName_IS_UNDEFINED quartzScheduler_Worker-1 com.example.localdemo.job.ClearLogs ===============[start]进入执行日志清理脚本的后台事务===============
2023-07-27 11:29:27 INFO  springAppName_IS_UNDEFINED http-nio-9099-exec-6 com.example.localdemo.annotation.aspect.TakeTimeAspect 请求返回的结果为：{"code":0,"message":"后台事务：com.example.localdemo.job.ClearLogs启动成功！","success":true,"timeStamp":1690428567,"total":0}
2023-07-27 11:29:27 INFO  springAppName_IS_UNDEFINED http-nio-9099-exec-6 com.example.localdemo.annotation.aspect.TakeTimeAspect [executeJob]方法结束时间：2023-11-27 11:29:27
2023-07-27 11:29:27 INFO  springAppName_IS_UNDEFINED http-nio-9099-exec-6 com.example.localdemo.annotation.aspect.TakeTimeAspect [executeJob]方法消耗时间：876 ms
2023-07-27 11:29:27 INFO  springAppName_IS_UNDEFINED org.springframework.amqp.rabbit.RabbitListenerEndpointContainer#0-1 com.example.localdemo.mq.receiver.DirectLogReceiver 获取到log-queue队列的消息数据为：LogMessage(id=1684405608020705280, startTime=Thu Jul 27 11:29:26 CST 2023, requestStyle=PostmanRuntime/7.32.3, requestUrl=http://127.0.0.1:9099/sys/quartzJob/execute, requestType=POST, requestIp=127.0.0.1, requestResult=null, endTime=Thu Jul 27 11:29:27 CST 2023, expendTime=876)
2023-07-27 11:29:27 INFO  springAppName_IS_UNDEFINED org.springframework.amqp.rabbit.RabbitListenerEndpointContainer#0-1 com.example.localdemo.mq.receiver.DirectLogReceiver log-queue队列的消息数据存储成功
2023-07-27 11:29:28 INFO  springAppName_IS_UNDEFINED quartzScheduler_Worker-2 com.example.localdemo.job.ClearLogs ===============[start]进入执行日志清理脚本的后台事务===============
2023-07-27 11:29:29 INFO  springAppName_IS_UNDEFINED quartzScheduler_Worker-3 com.example.localdemo.job.ClearLogs ===============[start]进入执行日志清理脚本的后台事务===============
2023-07-27 11:29:30 INFO  springAppName_IS_UNDEFINED quartzScheduler_Worker-4 com.example.localdemo.job.ClearLogs ===============[start]进入执行日志清理脚本的后台事务===============
2023-07-27 11:29:31 INFO  springAppName_IS_UNDEFINED quartzScheduler_Worker-5 com.example.localdemo.job.ClearLogs ===============[start]进入执行日志清理脚本的后台事务===============
2023-07-27 11:29:32 INFO  springAppName_IS_UNDEFINED quartzScheduler_Worker-6 com.example.localdemo.job.ClearLogs ===============[start]进入执行日志清理脚本的后台事务===============
2023-07-27 11:29:33 INFO  springAppName_IS_UNDEFINED quartzScheduler_Worker-7 com.example.localdemo.job.ClearLogs ===============[start]进入执行日志清理脚本的后台事务===============
2023-07-27 11:29:34 INFO  springAppName_IS_UNDEFINED quartzScheduler_Worker-8 com.example.localdemo.job.ClearLogs ===============[start]进入执行日志清理脚本的后台事务===============
2023-07-27 11:29:35 INFO  springAppName_IS_UNDEFINED quartzScheduler_Worker-9 com.example.localdemo.job.ClearLogs ===============[start]进入执行日志清理脚本的后台事务===============
2023-07-27 11:29:36 INFO  springAppName_IS_UNDEFINED quartzScheduler_Worker-10 com.example.localdemo.job.ClearLogs ===============[start]进入执行日志清理脚本的后台事务===============
2023-07-27 11:29:37 INFO  springAppName_IS_UNDEFINED quartzScheduler_Worker-1 com.example.localdemo.job.ClearLogs ===============[start]进入执行日志清理脚本的后台事务===============
2023-07-27 11:29:38 INFO  springAppName_IS_UNDEFINED quartzScheduler_Worker-2 com.example.localdemo.job.ClearLogs ===============[start]进入执行日志清理脚本的后台事务===============
2023-07-27 11:29:39 INFO  springAppName_IS_UNDEFINED quartzScheduler_Worker-3 com.example.localdemo.job.ClearLogs ===============[start]进入执行日志清理脚本的后台事务===============
2023-07-27 11:29:40 INFO  springAppName_IS_UNDEFINED quartzScheduler_Worker-4 com.example.localdemo.job.ClearLogs ===============[start]进入执行日志清理脚本的后台事务===============
2023-07-27 11:29:41 INFO  springAppName_IS_UNDEFINED quartzScheduler_Worker-5 com.example.localdemo.job.ClearLogs ===============[start]进入执行日志清理脚本的后台事务===============
2023-07-27 11:29:42 INFO  springAppName_IS_UNDEFINED quartzScheduler_Worker-6 com.example.localdemo.job.ClearLogs ===============[start]进入执行日志清理脚本的后台事务===============
2023-07-27 11:29:43 INFO  springAppName_IS_UNDEFINED quartzScheduler_Worker-7 com.example.localdemo.job.ClearLogs ===============[start]进入执行日志清理脚本的后台事务===============
2023-07-27 11:29:44 INFO  springAppName_IS_UNDEFINED quartzScheduler_Worker-8 com.example.localdemo.job.ClearLogs ===============[start]进入执行日志清理脚本的后台事务===============
2023-07-27 11:29:45 INFO  springAppName_IS_UNDEFINED quartzScheduler_Worker-9 com.example.localdemo.job.ClearLogs ===============[start]进入执行日志清理脚本的后台事务===============
2023-07-27 11:29:45 INFO  springAppName_IS_UNDEFINED http-nio-9099-exec-2 com.example.localdemo.annotation.aspect.TakeTimeAspect [pauseJob]方法开始时间：2023-11-27 11:29:45
2023-07-27 11:29:45 INFO  springAppName_IS_UNDEFINED http-nio-9099-exec-2 com.example.localdemo.annotation.aspect.TakeTimeAspect [pauseJob]方法,请求的时间为：2023-11-27 11:29:45,请求的介质为：PostmanRuntime/7.32.3,当前请求的URL为：http://127.0.0.1:9099/sys/quartzJob/pause,请求类型为：POST,用户请求的IP地址为：127.0.0.1
2023-07-27 11:29:45 INFO  springAppName_IS_UNDEFINED http-nio-9099-exec-2 com.example.localdemo.annotation.aspect.TakeTimeAspect 请求返回的结果为：{"code":0,"message":"后台事务：com.example.localdemo.job.ClearLogs停止成功！","success":true,"timeStamp":1690428585,"total":0}
2023-07-27 11:29:45 INFO  springAppName_IS_UNDEFINED http-nio-9099-exec-2 com.example.localdemo.annotation.aspect.TakeTimeAspect [pauseJob]方法结束时间：2023-11-27 11:29:45
2023-07-27 11:29:45 INFO  springAppName_IS_UNDEFINED http-nio-9099-exec-2 com.example.localdemo.annotation.aspect.TakeTimeAspect [pauseJob]方法消耗时间：7 ms
2023-07-27 11:29:45 INFO  springAppName_IS_UNDEFINED org.springframework.amqp.rabbit.RabbitListenerEndpointContainer#0-1 com.example.localdemo.mq.receiver.DirectLogReceiver 获取到log-queue队列的消息数据为：LogMessage(id=1684405689255985152, startTime=Thu Jul 27 11:29:45 CST 2023, requestStyle=PostmanRuntime/7.32.3, requestUrl=http://127.0.0.1:9099/sys/quartzJob/pause, requestType=POST, requestIp=127.0.0.1, requestResult=null, endTime=Thu Jul 27 11:29:45 CST 2023, expendTime=7)
2023-07-27 11:29:45 INFO  springAppName_IS_UNDEFINED org.springframework.amqp.rabbit.RabbitListenerEndpointContainer#0-1 com.example.localdemo.mq.receiver.DirectLogReceiver log-queue队列的消息数据存储成功
2023-07-27 11:35:26 INFO  springAppName_IS_UNDEFINED SpringApplicationShutdownHook org.quartz.core.QuartzScheduler Scheduler quartzScheduler_$_NON_CLUSTERED paused.
2023-07-27 11:35:26 INFO  springAppName_IS_UNDEFINED org.springframework.amqp.rabbit.RabbitListenerEndpointContainer#0-2 org.springframework.amqp.rabbit.listener.SimpleMessageListenerContainer Waiting for workers to finish.
2023-07-27 11:35:26 INFO  springAppName_IS_UNDEFINED org.springframework.amqp.rabbit.RabbitListenerEndpointContainer#0-2 org.springframework.amqp.rabbit.listener.SimpleMessageListenerContainer Successfully waited for workers to finish.
2023-07-27 11:35:27 INFO  springAppName_IS_UNDEFINED SpringApplicationShutdownHook org.springframework.amqp.rabbit.listener.SimpleMessageListenerContainer Shutdown ignored - container is already stopped
2023-07-27 11:35:27 INFO  springAppName_IS_UNDEFINED SpringApplicationShutdownHook org.springframework.scheduling.quartz.SchedulerFactoryBean Shutting down Quartz Scheduler
2023-07-27 11:35:27 INFO  springAppName_IS_UNDEFINED SpringApplicationShutdownHook org.quartz.core.QuartzScheduler Scheduler quartzScheduler_$_NON_CLUSTERED shutting down.
2023-07-27 11:35:27 INFO  springAppName_IS_UNDEFINED SpringApplicationShutdownHook org.quartz.core.QuartzScheduler Scheduler quartzScheduler_$_NON_CLUSTERED paused.
2023-07-27 11:35:27 INFO  springAppName_IS_UNDEFINED SpringApplicationShutdownHook org.quartz.core.QuartzScheduler Scheduler quartzScheduler_$_NON_CLUSTERED shutdown complete.
2023-07-27 11:35:27 INFO  springAppName_IS_UNDEFINED SpringApplicationShutdownHook com.baomidou.dynamic.datasource.DynamicRoutingDataSource dynamic-datasource start closing ....
2023-07-27 11:35:27 INFO  springAppName_IS_UNDEFINED SpringApplicationShutdownHook com.alibaba.druid.pool.DruidDataSource {dataSource-3} closed
2023-07-27 11:35:27 INFO  springAppName_IS_UNDEFINED SpringApplicationShutdownHook com.alibaba.druid.pool.DruidDataSource {dataSource-2} closed
2023-07-27 11:35:27 INFO  springAppName_IS_UNDEFINED SpringApplicationShutdownHook com.alibaba.druid.pool.DruidDataSource {dataSource-4} closed
2023-07-27 11:35:27 INFO  springAppName_IS_UNDEFINED SpringApplicationShutdownHook com.alibaba.druid.pool.DruidDataSource {dataSource-1} closed
2023-07-27 11:35:27 INFO  springAppName_IS_UNDEFINED SpringApplicationShutdownHook com.baomidou.dynamic.datasource.DynamicRoutingDataSource dynamic-datasource all closed success,bye
2023-07-27 11:35:49 INFO  springAppName_IS_UNDEFINED background-preinit org.hibernate.validator.internal.util.Version HV000001: Hibernate Validator 6.2.5.Final
2023-07-27 11:35:49 INFO  springAppName_IS_UNDEFINED main com.example.localdemo.LocalDemoApplication Starting LocalDemoApplication using Java 1.8.0_291 on LAPTOP-BN3IUSRS with PID 1992 (H:\Java Idea Project\LocalDemo\target\classes started by siyu in H:\Java Idea Project\LocalDemo)
2023-07-27 11:35:49 INFO  springAppName_IS_UNDEFINED main com.example.localdemo.LocalDemoApplication The following 1 profile is active: "prod"
2023-07-27 11:35:50 INFO  springAppName_IS_UNDEFINED main org.springframework.data.repository.config.RepositoryConfigurationDelegate Multiple Spring Data modules found, entering strict repository configuration mode
2023-07-27 11:35:50 INFO  springAppName_IS_UNDEFINED main org.springframework.data.repository.config.RepositoryConfigurationDelegate Bootstrapping Spring Data Redis repositories in DEFAULT mode.
2023-07-27 11:35:50 INFO  springAppName_IS_UNDEFINED main org.springframework.data.repository.config.RepositoryConfigurationDelegate Finished Spring Data repository scanning in 15 ms. Found 0 Redis repository interfaces.
2023-07-27 11:35:51 INFO  springAppName_IS_UNDEFINED main org.springframework.context.support.PostProcessorRegistrationDelegate$BeanPostProcessorChecker Bean 'spring.datasource.dynamic-com.baomidou.dynamic.datasource.spring.boot.autoconfigure.DynamicDataSourceProperties' of type [com.baomidou.dynamic.datasource.spring.boot.autoconfigure.DynamicDataSourceProperties] is not eligible for getting processed by all BeanPostProcessors (for example: not eligible for auto-proxying)
2023-07-27 11:35:51 INFO  springAppName_IS_UNDEFINED main org.springframework.context.support.PostProcessorRegistrationDelegate$BeanPostProcessorChecker Bean 'com.baomidou.dynamic.datasource.spring.boot.autoconfigure.DynamicDataSourceAutoConfiguration' of type [com.baomidou.dynamic.datasource.spring.boot.autoconfigure.DynamicDataSourceAutoConfiguration$$EnhancerBySpringCGLIB$$c51e8609] is not eligible for getting processed by all BeanPostProcessors (for example: not eligible for auto-proxying)
2023-07-27 11:35:51 INFO  springAppName_IS_UNDEFINED main org.springframework.context.support.PostProcessorRegistrationDelegate$BeanPostProcessorChecker Bean 'dsProcessor' of type [com.baomidou.dynamic.datasource.processor.DsHeaderProcessor] is not eligible for getting processed by all BeanPostProcessors (for example: not eligible for auto-proxying)
2023-07-27 11:35:51 INFO  springAppName_IS_UNDEFINED main org.springframework.boot.web.embedded.tomcat.TomcatWebServer Tomcat initialized with port(s): 9099 (http)
2023-07-27 11:35:51 INFO  springAppName_IS_UNDEFINED main org.apache.coyote.http11.Http11NioProtocol Initializing ProtocolHandler ["http-nio-9099"]
2023-07-27 11:35:51 INFO  springAppName_IS_UNDEFINED main org.apache.catalina.core.StandardService Starting service [Tomcat]
2023-07-27 11:35:51 INFO  springAppName_IS_UNDEFINED main org.apache.catalina.core.StandardEngine Starting Servlet engine: [Apache Tomcat/9.0.70]
2023-07-27 11:35:51 INFO  springAppName_IS_UNDEFINED main org.apache.catalina.core.ContainerBase.[Tomcat].[localhost].[/] Initializing Spring embedded WebApplicationContext
2023-07-27 11:35:51 INFO  springAppName_IS_UNDEFINED main org.springframework.boot.web.servlet.context.ServletWebServerApplicationContext Root WebApplicationContext: initialization completed in 2360 ms
2023-07-27 11:35:54 INFO  springAppName_IS_UNDEFINED main com.alibaba.druid.pool.DruidDataSource {dataSource-1,master} inited
2023-07-27 11:35:54 INFO  springAppName_IS_UNDEFINED main com.alibaba.druid.pool.DruidDataSource {dataSource-2,mysql} inited
2023-07-27 11:35:54 INFO  springAppName_IS_UNDEFINED main com.alibaba.druid.pool.DruidDataSource {dataSource-3,sqlserver} inited
2023-07-27 11:35:54 INFO  springAppName_IS_UNDEFINED main com.alibaba.druid.pool.DruidDataSource {dataSource-4,Oracle} inited
2023-07-27 11:35:54 INFO  springAppName_IS_UNDEFINED main com.baomidou.dynamic.datasource.DynamicRoutingDataSource dynamic-datasource - add a datasource named [sqlserver] success
2023-07-27 11:35:54 INFO  springAppName_IS_UNDEFINED main com.baomidou.dynamic.datasource.DynamicRoutingDataSource dynamic-datasource - add a datasource named [mysql] success
2023-07-27 11:35:54 INFO  springAppName_IS_UNDEFINED main com.baomidou.dynamic.datasource.DynamicRoutingDataSource dynamic-datasource - add a datasource named [Oracle] success
2023-07-27 11:35:54 INFO  springAppName_IS_UNDEFINED main com.baomidou.dynamic.datasource.DynamicRoutingDataSource dynamic-datasource - add a datasource named [master] success
2023-07-27 11:35:54 INFO  springAppName_IS_UNDEFINED main com.baomidou.dynamic.datasource.DynamicRoutingDataSource dynamic-datasource initial loaded [4] datasource,primary datasource named [master]
2023-07-27 11:35:56 INFO  springAppName_IS_UNDEFINED main org.quartz.impl.StdSchedulerFactory Using default implementation for ThreadExecutor
2023-07-27 11:35:56 INFO  springAppName_IS_UNDEFINED main org.quartz.core.SchedulerSignalerImpl Initialized Scheduler Signaller of type: class org.quartz.core.SchedulerSignalerImpl
2023-07-27 11:35:56 INFO  springAppName_IS_UNDEFINED main org.quartz.core.QuartzScheduler Quartz Scheduler v.2.3.2 created.
2023-07-27 11:35:56 INFO  springAppName_IS_UNDEFINED main org.quartz.simpl.RAMJobStore RAMJobStore initialized.
2023-07-27 11:35:56 INFO  springAppName_IS_UNDEFINED main org.quartz.core.QuartzScheduler Scheduler meta-data: Quartz Scheduler (v2.3.2) 'quartzScheduler' with instanceId 'NON_CLUSTERED'
  Scheduler class: 'org.quartz.core.QuartzScheduler' - running locally.
  NOT STARTED.
  Currently in standby mode.
  Number of jobs executed: 0
  Using thread pool 'org.quartz.simpl.SimpleThreadPool' - with 10 threads.
  Using job-store 'org.quartz.simpl.RAMJobStore' - which does not support persistence. and is not clustered.

2023-07-27 11:35:56 INFO  springAppName_IS_UNDEFINED main org.quartz.impl.StdSchedulerFactory Quartz scheduler 'quartzScheduler' initialized from an externally provided properties instance.
2023-07-27 11:35:56 INFO  springAppName_IS_UNDEFINED main org.quartz.impl.StdSchedulerFactory Quartz scheduler version: 2.3.2
2023-07-27 11:35:56 INFO  springAppName_IS_UNDEFINED main org.quartz.core.QuartzScheduler JobFactory set to: org.springframework.scheduling.quartz.SpringBeanJobFactory@38cf3ae1
2023-07-27 11:35:58 INFO  springAppName_IS_UNDEFINED main org.apache.coyote.http11.Http11NioProtocol Starting ProtocolHandler ["http-nio-9099"]
2023-07-27 11:35:58 INFO  springAppName_IS_UNDEFINED main org.springframework.boot.web.embedded.tomcat.TomcatWebServer Tomcat started on port(s): 9099 (http) with context path ''
2023-07-27 11:35:58 INFO  springAppName_IS_UNDEFINED main org.springframework.amqp.rabbit.connection.CachingConnectionFactory Attempting to connect to: [127.0.0.1:5672]
2023-07-27 11:35:58 INFO  springAppName_IS_UNDEFINED main org.springframework.amqp.rabbit.connection.CachingConnectionFactory Created new connection: rabbitConnectionFactory#6ffd4c0d:0/SimpleConnection@2078bf0a [delegate=amqp://guest@127.0.0.1:5672/, localPort= 52489]
2023-07-27 11:35:58 INFO  springAppName_IS_UNDEFINED main org.springframework.scheduling.quartz.SchedulerFactoryBean Starting Quartz Scheduler now
2023-07-27 11:35:58 INFO  springAppName_IS_UNDEFINED main org.quartz.core.QuartzScheduler Scheduler quartzScheduler_$_NON_CLUSTERED started.
2023-07-27 11:35:58 INFO  springAppName_IS_UNDEFINED main com.example.localdemo.LocalDemoApplication Started LocalDemoApplication in 10.186 seconds (JVM running for 12.399)
2023-07-27 11:36:38 INFO  springAppName_IS_UNDEFINED http-nio-9099-exec-1 org.apache.catalina.core.ContainerBase.[Tomcat].[localhost].[/] Initializing Spring DispatcherServlet 'dispatcherServlet'
2023-07-27 11:36:38 INFO  springAppName_IS_UNDEFINED http-nio-9099-exec-1 org.springframework.web.servlet.DispatcherServlet Initializing Servlet 'dispatcherServlet'
2023-07-27 11:36:38 INFO  springAppName_IS_UNDEFINED http-nio-9099-exec-1 org.springframework.web.servlet.DispatcherServlet Completed initialization in 4 ms
2023-07-27 11:36:38 INFO  springAppName_IS_UNDEFINED http-nio-9099-exec-1 com.example.localdemo.annotation.aspect.TakeTimeAspect [executeJob]方法开始时间：2023-11-27 11:36:38
2023-07-27 11:36:38 INFO  springAppName_IS_UNDEFINED http-nio-9099-exec-1 com.example.localdemo.annotation.aspect.TakeTimeAspect [executeJob]方法,请求的时间为：2023-11-27 11:36:38,请求的介质为：PostmanRuntime/7.32.3,当前请求的URL为：http://127.0.0.1:9099/sys/quartzJob/execute,请求类型为：POST,用户请求的IP地址为：127.0.0.1
2023-07-27 11:36:39 INFO  springAppName_IS_UNDEFINED http-nio-9099-exec-1 com.example.localdemo.authentication.TokenAspect The token was expected 3 parts, but got 1.
2023-07-27 11:36:39 INFO  springAppName_IS_UNDEFINED http-nio-9099-exec-1 org.quartz.core.QuartzScheduler Scheduler quartzScheduler_$_NON_CLUSTERED started.
2023-07-27 11:36:39 INFO  springAppName_IS_UNDEFINED quartzScheduler_Worker-1 com.example.localdemo.job.ClearLogs ===============[start]进入执行日志清理脚本的后台事务===============
2023-07-27 11:36:39 INFO  springAppName_IS_UNDEFINED quartzScheduler_Worker-1 com.example.localdemo.job.ClearLogs ===============[end]脚本执行完毕===============
2023-07-27 11:36:39 INFO  springAppName_IS_UNDEFINED http-nio-9099-exec-1 com.example.localdemo.annotation.aspect.TakeTimeAspect 请求返回的结果为：{"code":0,"message":"后台事务：com.example.localdemo.job.ClearLogs启动成功！","success":true,"timeStamp":1690428999,"total":0}
2023-07-27 11:36:39 INFO  springAppName_IS_UNDEFINED http-nio-9099-exec-1 com.example.localdemo.annotation.aspect.TakeTimeAspect [executeJob]方法结束时间：2023-11-27 11:36:39
2023-07-27 11:36:39 INFO  springAppName_IS_UNDEFINED http-nio-9099-exec-1 com.example.localdemo.annotation.aspect.TakeTimeAspect [executeJob]方法消耗时间：1035 ms
2023-07-27 11:36:39 INFO  springAppName_IS_UNDEFINED org.springframework.amqp.rabbit.RabbitListenerEndpointContainer#0-1 com.example.localdemo.mq.receiver.DirectLogReceiver 获取到log-queue队列的消息数据为：LogMessage(id=1684407421021192192, startTime=Thu Jul 27 11:36:38 CST 2023, requestStyle=PostmanRuntime/7.32.3, requestUrl=http://127.0.0.1:9099/sys/quartzJob/execute, requestType=POST, requestIp=127.0.0.1, requestResult=null, endTime=Thu Jul 27 11:36:39 CST 2023, expendTime=1035)
2023-07-27 11:36:39 INFO  springAppName_IS_UNDEFINED org.springframework.amqp.rabbit.RabbitListenerEndpointContainer#0-1 com.example.localdemo.mq.receiver.DirectLogReceiver log-queue队列的消息数据存储成功
2023-07-27 11:36:40 INFO  springAppName_IS_UNDEFINED quartzScheduler_Worker-2 com.example.localdemo.job.ClearLogs ===============[start]进入执行日志清理脚本的后台事务===============
2023-07-27 11:36:40 INFO  springAppName_IS_UNDEFINED quartzScheduler_Worker-2 com.example.localdemo.job.ClearLogs ===============[end]脚本执行完毕===============
2023-07-27 11:36:41 INFO  springAppName_IS_UNDEFINED quartzScheduler_Worker-3 com.example.localdemo.job.ClearLogs ===============[start]进入执行日志清理脚本的后台事务===============
2023-07-27 11:36:41 INFO  springAppName_IS_UNDEFINED quartzScheduler_Worker-3 com.example.localdemo.job.ClearLogs ===============[end]脚本执行完毕===============
2023-07-27 11:36:42 INFO  springAppName_IS_UNDEFINED quartzScheduler_Worker-4 com.example.localdemo.job.ClearLogs ===============[start]进入执行日志清理脚本的后台事务===============
2023-07-27 11:36:42 INFO  springAppName_IS_UNDEFINED quartzScheduler_Worker-4 com.example.localdemo.job.ClearLogs ===============[end]脚本执行完毕===============
2023-07-27 11:36:43 INFO  springAppName_IS_UNDEFINED quartzScheduler_Worker-5 com.example.localdemo.job.ClearLogs ===============[start]进入执行日志清理脚本的后台事务===============
2023-07-27 11:36:43 INFO  springAppName_IS_UNDEFINED quartzScheduler_Worker-5 com.example.localdemo.job.ClearLogs ===============[end]脚本执行完毕===============
2023-07-27 11:36:44 INFO  springAppName_IS_UNDEFINED quartzScheduler_Worker-6 com.example.localdemo.job.ClearLogs ===============[start]进入执行日志清理脚本的后台事务===============
2023-07-27 11:36:44 INFO  springAppName_IS_UNDEFINED quartzScheduler_Worker-6 com.example.localdemo.job.ClearLogs ===============[end]脚本执行完毕===============
2023-07-27 11:36:45 INFO  springAppName_IS_UNDEFINED quartzScheduler_Worker-7 com.example.localdemo.job.ClearLogs ===============[start]进入执行日志清理脚本的后台事务===============
2023-07-27 11:36:45 INFO  springAppName_IS_UNDEFINED quartzScheduler_Worker-7 com.example.localdemo.job.ClearLogs ===============[end]脚本执行完毕===============
2023-07-27 11:36:46 INFO  springAppName_IS_UNDEFINED quartzScheduler_Worker-8 com.example.localdemo.job.ClearLogs ===============[start]进入执行日志清理脚本的后台事务===============
2023-07-27 11:36:46 INFO  springAppName_IS_UNDEFINED quartzScheduler_Worker-8 com.example.localdemo.job.ClearLogs ===============[end]脚本执行完毕===============
2023-07-27 11:36:47 INFO  springAppName_IS_UNDEFINED quartzScheduler_Worker-9 com.example.localdemo.job.ClearLogs ===============[start]进入执行日志清理脚本的后台事务===============
2023-07-27 11:36:47 INFO  springAppName_IS_UNDEFINED quartzScheduler_Worker-9 com.example.localdemo.job.ClearLogs ===============[end]脚本执行完毕===============
2023-07-27 11:36:48 INFO  springAppName_IS_UNDEFINED quartzScheduler_Worker-10 com.example.localdemo.job.ClearLogs ===============[start]进入执行日志清理脚本的后台事务===============
2023-07-27 11:36:48 INFO  springAppName_IS_UNDEFINED quartzScheduler_Worker-10 com.example.localdemo.job.ClearLogs ===============[end]脚本执行完毕===============
2023-07-27 11:36:48 INFO  springAppName_IS_UNDEFINED http-nio-9099-exec-5 com.example.localdemo.annotation.aspect.TakeTimeAspect [pauseJob]方法开始时间：2023-11-27 11:36:48
2023-07-27 11:36:48 INFO  springAppName_IS_UNDEFINED http-nio-9099-exec-5 com.example.localdemo.annotation.aspect.TakeTimeAspect [pauseJob]方法,请求的时间为：2023-11-27 11:36:48,请求的介质为：PostmanRuntime/7.32.3,当前请求的URL为：http://127.0.0.1:9099/sys/quartzJob/pause,请求类型为：POST,用户请求的IP地址为：127.0.0.1
2023-07-27 11:36:48 INFO  springAppName_IS_UNDEFINED http-nio-9099-exec-5 com.example.localdemo.annotation.aspect.TakeTimeAspect 请求返回的结果为：{"code":0,"message":"后台事务：com.example.localdemo.job.ClearLogs停止成功！","success":true,"timeStamp":1690429008,"total":0}
2023-07-27 11:36:48 INFO  springAppName_IS_UNDEFINED http-nio-9099-exec-5 com.example.localdemo.annotation.aspect.TakeTimeAspect [pauseJob]方法结束时间：2023-11-27 11:36:48
2023-07-27 11:36:48 INFO  springAppName_IS_UNDEFINED http-nio-9099-exec-5 com.example.localdemo.annotation.aspect.TakeTimeAspect [pauseJob]方法消耗时间：13 ms
2023-07-27 11:36:48 INFO  springAppName_IS_UNDEFINED org.springframework.amqp.rabbit.RabbitListenerEndpointContainer#0-1 com.example.localdemo.mq.receiver.DirectLogReceiver 获取到log-queue队列的消息数据为：LogMessage(id=1684407463480131584, startTime=Thu Jul 27 11:36:48 CST 2023, requestStyle=PostmanRuntime/7.32.3, requestUrl=http://127.0.0.1:9099/sys/quartzJob/pause, requestType=POST, requestIp=127.0.0.1, requestResult=null, endTime=Thu Jul 27 11:36:48 CST 2023, expendTime=13)
2023-07-27 11:36:48 INFO  springAppName_IS_UNDEFINED org.springframework.amqp.rabbit.RabbitListenerEndpointContainer#0-1 com.example.localdemo.mq.receiver.DirectLogReceiver log-queue队列的消息数据存储成功
2023-07-27 11:39:03 INFO  springAppName_IS_UNDEFINED http-nio-9099-exec-4 com.example.localdemo.annotation.aspect.TakeTimeAspect [editJob]方法开始时间：2023-11-27 11:39:03
2023-07-27 11:39:03 INFO  springAppName_IS_UNDEFINED http-nio-9099-exec-4 com.example.localdemo.annotation.aspect.TakeTimeAspect [editJob]方法,请求的时间为：2023-11-27 11:39:03,请求的介质为：PostmanRuntime/7.32.3,当前请求的URL为：http://127.0.0.1:9099/sys/quartzJob/edit,请求类型为：POST,用户请求的IP地址为：127.0.0.1
2023-07-27 11:39:03 INFO  springAppName_IS_UNDEFINED http-nio-9099-exec-4 com.example.localdemo.annotation.aspect.TakeTimeAspect 请求返回的结果为：{"code":0,"message":"修改成功","success":true,"timeStamp":1690429143,"total":0}
2023-07-27 11:39:03 INFO  springAppName_IS_UNDEFINED http-nio-9099-exec-4 com.example.localdemo.annotation.aspect.TakeTimeAspect [editJob]方法结束时间：2023-11-27 11:39:03
2023-07-27 11:39:03 INFO  springAppName_IS_UNDEFINED http-nio-9099-exec-4 com.example.localdemo.annotation.aspect.TakeTimeAspect [editJob]方法消耗时间：17 ms
2023-07-27 11:39:03 INFO  springAppName_IS_UNDEFINED org.springframework.amqp.rabbit.RabbitListenerEndpointContainer#0-1 com.example.localdemo.mq.receiver.DirectLogReceiver 获取到log-queue队列的消息数据为：LogMessage(id=1684408030428397568, startTime=Thu Jul 27 11:39:03 CST 2023, requestStyle=PostmanRuntime/7.32.3, requestUrl=http://127.0.0.1:9099/sys/quartzJob/edit, requestType=POST, requestIp=127.0.0.1, requestResult=null, endTime=Thu Jul 27 11:39:03 CST 2023, expendTime=17)
2023-07-27 11:39:03 INFO  springAppName_IS_UNDEFINED org.springframework.amqp.rabbit.RabbitListenerEndpointContainer#0-1 com.example.localdemo.mq.receiver.DirectLogReceiver log-queue队列的消息数据存储成功
2023-07-27 11:39:13 INFO  springAppName_IS_UNDEFINED http-nio-9099-exec-2 com.example.localdemo.annotation.aspect.TakeTimeAspect [executeJob]方法开始时间：2023-11-27 11:39:13
2023-07-27 11:39:13 INFO  springAppName_IS_UNDEFINED http-nio-9099-exec-2 com.example.localdemo.annotation.aspect.TakeTimeAspect [executeJob]方法,请求的时间为：2023-11-27 11:39:13,请求的介质为：PostmanRuntime/7.32.3,当前请求的URL为：http://127.0.0.1:9099/sys/quartzJob/execute,请求类型为：POST,用户请求的IP地址为：127.0.0.1
2023-07-27 11:39:13 INFO  springAppName_IS_UNDEFINED http-nio-9099-exec-2 com.example.localdemo.authentication.TokenAspect The token was expected 3 parts, but got 1.
2023-07-27 11:39:13 INFO  springAppName_IS_UNDEFINED http-nio-9099-exec-2 org.quartz.core.QuartzScheduler Scheduler quartzScheduler_$_NON_CLUSTERED started.
2023-07-27 11:39:13 INFO  springAppName_IS_UNDEFINED quartzScheduler_Worker-1 com.example.localdemo.job.ClearLogs ===============[start]进入执行日志清理脚本的后台事务===============
2023-07-27 11:39:13 INFO  springAppName_IS_UNDEFINED http-nio-9099-exec-2 com.example.localdemo.annotation.aspect.TakeTimeAspect 请求返回的结果为：{"code":0,"message":"后台事务：com.example.localdemo.job.ClearLogs启动成功！","success":true,"timeStamp":1690429153,"total":0}
2023-07-27 11:39:13 INFO  springAppName_IS_UNDEFINED http-nio-9099-exec-2 com.example.localdemo.annotation.aspect.TakeTimeAspect [executeJob]方法结束时间：2023-11-27 11:39:13
2023-07-27 11:39:13 INFO  springAppName_IS_UNDEFINED http-nio-9099-exec-2 com.example.localdemo.annotation.aspect.TakeTimeAspect [executeJob]方法消耗时间：15 ms
2023-07-27 11:39:13 INFO  springAppName_IS_UNDEFINED org.springframework.amqp.rabbit.RabbitListenerEndpointContainer#0-1 com.example.localdemo.mq.receiver.DirectLogReceiver 获取到log-queue队列的消息数据为：LogMessage(id=1684408070320422912, startTime=Thu Jul 27 11:39:13 CST 2023, requestStyle=PostmanRuntime/7.32.3, requestUrl=http://127.0.0.1:9099/sys/quartzJob/execute, requestType=POST, requestIp=127.0.0.1, requestResult=null, endTime=Thu Jul 27 11:39:13 CST 2023, expendTime=15)
2023-07-27 11:39:13 INFO  springAppName_IS_UNDEFINED org.springframework.amqp.rabbit.RabbitListenerEndpointContainer#0-1 com.example.localdemo.mq.receiver.DirectLogReceiver log-queue队列的消息数据存储成功
2023-07-27 11:39:13 INFO  springAppName_IS_UNDEFINED quartzScheduler_Worker-1 com.example.localdemo.job.ClearLogs ===============[end]脚本执行完毕===============
2023-07-27 11:39:14 INFO  springAppName_IS_UNDEFINED quartzScheduler_Worker-2 com.example.localdemo.job.ClearLogs ===============[start]进入执行日志清理脚本的后台事务===============
2023-07-27 11:39:14 INFO  springAppName_IS_UNDEFINED quartzScheduler_Worker-2 com.example.localdemo.job.ClearLogs ===============[end]脚本执行完毕===============
2023-07-27 11:39:15 INFO  springAppName_IS_UNDEFINED quartzScheduler_Worker-3 com.example.localdemo.job.ClearLogs ===============[start]进入执行日志清理脚本的后台事务===============
2023-07-27 11:39:15 INFO  springAppName_IS_UNDEFINED quartzScheduler_Worker-3 com.example.localdemo.job.ClearLogs ===============[end]脚本执行完毕===============
2023-07-27 11:39:16 INFO  springAppName_IS_UNDEFINED quartzScheduler_Worker-4 com.example.localdemo.job.ClearLogs ===============[start]进入执行日志清理脚本的后台事务===============
2023-07-27 11:39:16 INFO  springAppName_IS_UNDEFINED quartzScheduler_Worker-4 com.example.localdemo.job.ClearLogs ===============[end]脚本执行完毕===============
2023-07-27 11:39:17 INFO  springAppName_IS_UNDEFINED quartzScheduler_Worker-5 com.example.localdemo.job.ClearLogs ===============[start]进入执行日志清理脚本的后台事务===============
2023-07-27 11:39:17 INFO  springAppName_IS_UNDEFINED quartzScheduler_Worker-5 com.example.localdemo.job.ClearLogs ===============[end]脚本执行完毕===============
2023-07-27 11:39:18 INFO  springAppName_IS_UNDEFINED quartzScheduler_Worker-6 com.example.localdemo.job.ClearLogs ===============[start]进入执行日志清理脚本的后台事务===============
2023-07-27 11:39:18 INFO  springAppName_IS_UNDEFINED quartzScheduler_Worker-6 com.example.localdemo.job.ClearLogs ===============[end]脚本执行完毕===============
2023-07-27 11:39:19 INFO  springAppName_IS_UNDEFINED quartzScheduler_Worker-7 com.example.localdemo.job.ClearLogs ===============[start]进入执行日志清理脚本的后台事务===============
2023-07-27 11:39:19 INFO  springAppName_IS_UNDEFINED quartzScheduler_Worker-7 com.example.localdemo.job.ClearLogs ===============[end]脚本执行完毕===============
2023-07-27 11:39:20 INFO  springAppName_IS_UNDEFINED quartzScheduler_Worker-8 com.example.localdemo.job.ClearLogs ===============[start]进入执行日志清理脚本的后台事务===============
2023-07-27 11:39:20 INFO  springAppName_IS_UNDEFINED quartzScheduler_Worker-8 com.example.localdemo.job.ClearLogs ===============[end]脚本执行完毕===============
2023-07-27 11:39:21 INFO  springAppName_IS_UNDEFINED quartzScheduler_Worker-9 com.example.localdemo.job.ClearLogs ===============[start]进入执行日志清理脚本的后台事务===============
2023-07-27 11:39:21 INFO  springAppName_IS_UNDEFINED quartzScheduler_Worker-9 com.example.localdemo.job.ClearLogs ===============[end]脚本执行完毕===============
2023-07-27 11:39:22 INFO  springAppName_IS_UNDEFINED quartzScheduler_Worker-10 com.example.localdemo.job.ClearLogs ===============[start]进入执行日志清理脚本的后台事务===============
2023-07-27 11:39:22 INFO  springAppName_IS_UNDEFINED quartzScheduler_Worker-10 com.example.localdemo.job.ClearLogs ===============[end]脚本执行完毕===============
2023-07-27 11:39:23 INFO  springAppName_IS_UNDEFINED quartzScheduler_Worker-1 com.example.localdemo.job.ClearLogs ===============[start]进入执行日志清理脚本的后台事务===============
2023-07-27 11:39:23 INFO  springAppName_IS_UNDEFINED quartzScheduler_Worker-1 com.example.localdemo.job.ClearLogs ===============[end]脚本执行完毕===============
2023-07-27 11:39:24 INFO  springAppName_IS_UNDEFINED quartzScheduler_Worker-2 com.example.localdemo.job.ClearLogs ===============[start]进入执行日志清理脚本的后台事务===============
2023-07-27 11:39:24 INFO  springAppName_IS_UNDEFINED quartzScheduler_Worker-2 com.example.localdemo.job.ClearLogs ===============[end]脚本执行完毕===============
2023-07-27 11:39:25 INFO  springAppName_IS_UNDEFINED quartzScheduler_Worker-3 com.example.localdemo.job.ClearLogs ===============[start]进入执行日志清理脚本的后台事务===============
2023-07-27 11:39:25 INFO  springAppName_IS_UNDEFINED quartzScheduler_Worker-3 com.example.localdemo.job.ClearLogs ===============[end]脚本执行完毕===============
2023-07-27 11:39:26 INFO  springAppName_IS_UNDEFINED quartzScheduler_Worker-4 com.example.localdemo.job.ClearLogs ===============[start]进入执行日志清理脚本的后台事务===============
2023-07-27 11:39:26 INFO  springAppName_IS_UNDEFINED quartzScheduler_Worker-4 com.example.localdemo.job.ClearLogs ===============[end]脚本执行完毕===============
2023-07-27 11:39:27 INFO  springAppName_IS_UNDEFINED quartzScheduler_Worker-5 com.example.localdemo.job.ClearLogs ===============[start]进入执行日志清理脚本的后台事务===============
2023-07-27 11:39:27 INFO  springAppName_IS_UNDEFINED quartzScheduler_Worker-5 com.example.localdemo.job.ClearLogs ===============[end]脚本执行完毕===============
2023-07-27 11:39:27 INFO  springAppName_IS_UNDEFINED http-nio-9099-exec-6 com.example.localdemo.annotation.aspect.TakeTimeAspect [pauseJob]方法开始时间：2023-11-27 11:39:27
2023-07-27 11:39:27 INFO  springAppName_IS_UNDEFINED http-nio-9099-exec-6 com.example.localdemo.annotation.aspect.TakeTimeAspect [pauseJob]方法,请求的时间为：2023-11-27 11:39:27,请求的介质为：PostmanRuntime/7.32.3,当前请求的URL为：http://127.0.0.1:9099/sys/quartzJob/pause,请求类型为：POST,用户请求的IP地址为：127.0.0.1
2023-07-27 11:39:27 INFO  springAppName_IS_UNDEFINED http-nio-9099-exec-6 com.example.localdemo.annotation.aspect.TakeTimeAspect 请求返回的结果为：{"code":0,"message":"后台事务：com.example.localdemo.job.ClearLogs停止成功！","success":true,"timeStamp":1690429167,"total":0}
2023-07-27 11:39:27 INFO  springAppName_IS_UNDEFINED http-nio-9099-exec-6 com.example.localdemo.annotation.aspect.TakeTimeAspect [pauseJob]方法结束时间：2023-11-27 11:39:27
2023-07-27 11:39:27 INFO  springAppName_IS_UNDEFINED http-nio-9099-exec-6 com.example.localdemo.annotation.aspect.TakeTimeAspect [pauseJob]方法消耗时间：14 ms
2023-07-27 11:39:27 INFO  springAppName_IS_UNDEFINED org.springframework.amqp.rabbit.RabbitListenerEndpointContainer#0-1 com.example.localdemo.mq.receiver.DirectLogReceiver 获取到log-queue队列的消息数据为：LogMessage(id=1684408130252832768, startTime=Thu Jul 27 11:39:27 CST 2023, requestStyle=PostmanRuntime/7.32.3, requestUrl=http://127.0.0.1:9099/sys/quartzJob/pause, requestType=POST, requestIp=127.0.0.1, requestResult=null, endTime=Thu Jul 27 11:39:27 CST 2023, expendTime=14)
2023-07-27 11:39:27 INFO  springAppName_IS_UNDEFINED org.springframework.amqp.rabbit.RabbitListenerEndpointContainer#0-1 com.example.localdemo.mq.receiver.DirectLogReceiver log-queue队列的消息数据存储成功
2023-07-27 11:39:39 INFO  springAppName_IS_UNDEFINED http-nio-9099-exec-3 com.example.localdemo.annotation.aspect.TakeTimeAspect [executeJob]方法开始时间：2023-11-27 11:39:39
2023-07-27 11:39:39 INFO  springAppName_IS_UNDEFINED http-nio-9099-exec-3 com.example.localdemo.annotation.aspect.TakeTimeAspect [executeJob]方法,请求的时间为：2023-11-27 11:39:39,请求的介质为：PostmanRuntime/7.32.3,当前请求的URL为：http://127.0.0.1:9099/sys/quartzJob/execute,请求类型为：POST,用户请求的IP地址为：127.0.0.1
2023-07-27 11:39:39 INFO  springAppName_IS_UNDEFINED http-nio-9099-exec-3 com.example.localdemo.authentication.TokenAspect The token was expected 3 parts, but got 1.
2023-07-27 11:39:39 INFO  springAppName_IS_UNDEFINED http-nio-9099-exec-3 org.quartz.core.QuartzScheduler Scheduler quartzScheduler_$_NON_CLUSTERED started.
2023-07-27 11:39:39 INFO  springAppName_IS_UNDEFINED http-nio-9099-exec-3 com.example.localdemo.annotation.aspect.TakeTimeAspect 请求返回的结果为：{"code":0,"message":"后台事务：com.example.localdemo.job.ClearLogs启动成功！","success":true,"timeStamp":1690429179,"total":0}
2023-07-27 11:39:39 INFO  springAppName_IS_UNDEFINED http-nio-9099-exec-3 com.example.localdemo.annotation.aspect.TakeTimeAspect [executeJob]方法结束时间：2023-11-27 11:39:39
2023-07-27 11:39:39 INFO  springAppName_IS_UNDEFINED http-nio-9099-exec-3 com.example.localdemo.annotation.aspect.TakeTimeAspect [executeJob]方法消耗时间：13 ms
2023-07-27 11:39:39 INFO  springAppName_IS_UNDEFINED org.springframework.amqp.rabbit.RabbitListenerEndpointContainer#0-1 com.example.localdemo.mq.receiver.DirectLogReceiver 获取到log-queue队列的消息数据为：LogMessage(id=1684408179921780736, startTime=Thu Jul 27 11:39:39 CST 2023, requestStyle=PostmanRuntime/7.32.3, requestUrl=http://127.0.0.1:9099/sys/quartzJob/execute, requestType=POST, requestIp=127.0.0.1, requestResult=null, endTime=Thu Jul 27 11:39:39 CST 2023, expendTime=13)
2023-07-27 11:39:39 INFO  springAppName_IS_UNDEFINED org.springframework.amqp.rabbit.RabbitListenerEndpointContainer#0-1 com.example.localdemo.mq.receiver.DirectLogReceiver log-queue队列的消息数据存储成功
2023-07-27 11:40:00 INFO  springAppName_IS_UNDEFINED quartzScheduler_Worker-6 com.example.localdemo.job.ClearLogs ===============[start]进入执行日志清理脚本的后台事务===============
2023-07-27 11:40:00 INFO  springAppName_IS_UNDEFINED quartzScheduler_Worker-6 com.example.localdemo.job.ClearLogs ===============[end]脚本执行完毕===============
2023-07-27 11:40:22 INFO  springAppName_IS_UNDEFINED http-nio-9099-exec-8 com.example.localdemo.annotation.aspect.TakeTimeAspect [pauseJob]方法开始时间：2023-11-27 11:40:22
2023-07-27 11:40:22 INFO  springAppName_IS_UNDEFINED http-nio-9099-exec-8 com.example.localdemo.annotation.aspect.TakeTimeAspect [pauseJob]方法,请求的时间为：2023-11-27 11:40:22,请求的介质为：PostmanRuntime/7.32.3,当前请求的URL为：http://127.0.0.1:9099/sys/quartzJob/pause,请求类型为：POST,用户请求的IP地址为：127.0.0.1
2023-07-27 11:40:22 INFO  springAppName_IS_UNDEFINED http-nio-9099-exec-8 com.example.localdemo.annotation.aspect.TakeTimeAspect 请求返回的结果为：{"code":0,"message":"后台事务：com.example.localdemo.job.ClearLogs停止成功！","success":true,"timeStamp":1690429222,"total":0}
2023-07-27 11:40:22 INFO  springAppName_IS_UNDEFINED http-nio-9099-exec-8 com.example.localdemo.annotation.aspect.TakeTimeAspect [pauseJob]方法结束时间：2023-11-27 11:40:22
2023-07-27 11:40:22 INFO  springAppName_IS_UNDEFINED http-nio-9099-exec-8 com.example.localdemo.annotation.aspect.TakeTimeAspect [pauseJob]方法消耗时间：60 ms
2023-07-27 11:40:22 INFO  springAppName_IS_UNDEFINED org.springframework.amqp.rabbit.RabbitListenerEndpointContainer#0-1 com.example.localdemo.mq.receiver.DirectLogReceiver 获取到log-queue队列的消息数据为：LogMessage(id=1684408361811968000, startTime=Thu Jul 27 11:40:22 CST 2023, requestStyle=PostmanRuntime/7.32.3, requestUrl=http://127.0.0.1:9099/sys/quartzJob/pause, requestType=POST, requestIp=127.0.0.1, requestResult=null, endTime=Thu Jul 27 11:40:22 CST 2023, expendTime=60)
2023-07-27 11:40:22 INFO  springAppName_IS_UNDEFINED org.springframework.amqp.rabbit.RabbitListenerEndpointContainer#0-1 com.example.localdemo.mq.receiver.DirectLogReceiver log-queue队列的消息数据存储成功
2023-07-27 11:41:37 INFO  springAppName_IS_UNDEFINED SpringApplicationShutdownHook org.quartz.core.QuartzScheduler Scheduler quartzScheduler_$_NON_CLUSTERED paused.
2023-07-27 11:41:37 INFO  springAppName_IS_UNDEFINED org.springframework.amqp.rabbit.RabbitListenerEndpointContainer#0-2 org.springframework.amqp.rabbit.listener.SimpleMessageListenerContainer Waiting for workers to finish.
2023-07-27 11:41:38 INFO  springAppName_IS_UNDEFINED org.springframework.amqp.rabbit.RabbitListenerEndpointContainer#0-2 org.springframework.amqp.rabbit.listener.SimpleMessageListenerContainer Successfully waited for workers to finish.
2023-07-27 11:41:39 INFO  springAppName_IS_UNDEFINED SpringApplicationShutdownHook org.springframework.amqp.rabbit.listener.SimpleMessageListenerContainer Shutdown ignored - container is already stopped
2023-07-27 11:41:39 INFO  springAppName_IS_UNDEFINED SpringApplicationShutdownHook org.springframework.scheduling.quartz.SchedulerFactoryBean Shutting down Quartz Scheduler
2023-07-27 11:41:39 INFO  springAppName_IS_UNDEFINED SpringApplicationShutdownHook org.quartz.core.QuartzScheduler Scheduler quartzScheduler_$_NON_CLUSTERED shutting down.
2023-07-27 11:41:39 INFO  springAppName_IS_UNDEFINED SpringApplicationShutdownHook org.quartz.core.QuartzScheduler Scheduler quartzScheduler_$_NON_CLUSTERED paused.
2023-07-27 11:41:39 INFO  springAppName_IS_UNDEFINED SpringApplicationShutdownHook org.quartz.core.QuartzScheduler Scheduler quartzScheduler_$_NON_CLUSTERED shutdown complete.
2023-07-27 11:41:39 INFO  springAppName_IS_UNDEFINED SpringApplicationShutdownHook com.baomidou.dynamic.datasource.DynamicRoutingDataSource dynamic-datasource start closing ....
2023-07-27 11:41:39 INFO  springAppName_IS_UNDEFINED SpringApplicationShutdownHook com.alibaba.druid.pool.DruidDataSource {dataSource-3} closed
2023-07-27 11:41:39 INFO  springAppName_IS_UNDEFINED SpringApplicationShutdownHook com.alibaba.druid.pool.DruidDataSource {dataSource-2} closed
2023-07-27 11:41:39 INFO  springAppName_IS_UNDEFINED SpringApplicationShutdownHook com.alibaba.druid.pool.DruidDataSource {dataSource-4} closed
2023-07-27 11:41:39 INFO  springAppName_IS_UNDEFINED SpringApplicationShutdownHook com.alibaba.druid.pool.DruidDataSource {dataSource-1} closed
2023-07-27 11:41:39 INFO  springAppName_IS_UNDEFINED SpringApplicationShutdownHook com.baomidou.dynamic.datasource.DynamicRoutingDataSource dynamic-datasource all closed success,bye
2023-07-27 11:42:00 INFO  springAppName_IS_UNDEFINED background-preinit org.hibernate.validator.internal.util.Version HV000001: Hibernate Validator 6.2.5.Final
2023-07-27 11:42:00 INFO  springAppName_IS_UNDEFINED main com.example.localdemo.LocalDemoApplication Starting LocalDemoApplication using Java 1.8.0_291 on LAPTOP-BN3IUSRS with PID 16420 (H:\Java Idea Project\LocalDemo\target\classes started by siyu in H:\Java Idea Project\LocalDemo)
2023-07-27 11:42:00 INFO  springAppName_IS_UNDEFINED main com.example.localdemo.LocalDemoApplication The following 1 profile is active: "prod"
2023-07-27 11:42:02 INFO  springAppName_IS_UNDEFINED main org.springframework.data.repository.config.RepositoryConfigurationDelegate Multiple Spring Data modules found, entering strict repository configuration mode
2023-07-27 11:42:02 INFO  springAppName_IS_UNDEFINED main org.springframework.data.repository.config.RepositoryConfigurationDelegate Bootstrapping Spring Data Redis repositories in DEFAULT mode.
2023-07-27 11:42:02 INFO  springAppName_IS_UNDEFINED main org.springframework.data.repository.config.RepositoryConfigurationDelegate Finished Spring Data repository scanning in 17 ms. Found 0 Redis repository interfaces.
2023-07-27 11:42:02 INFO  springAppName_IS_UNDEFINED main org.springframework.context.support.PostProcessorRegistrationDelegate$BeanPostProcessorChecker Bean 'spring.datasource.dynamic-com.baomidou.dynamic.datasource.spring.boot.autoconfigure.DynamicDataSourceProperties' of type [com.baomidou.dynamic.datasource.spring.boot.autoconfigure.DynamicDataSourceProperties] is not eligible for getting processed by all BeanPostProcessors (for example: not eligible for auto-proxying)
2023-07-27 11:42:02 INFO  springAppName_IS_UNDEFINED main org.springframework.context.support.PostProcessorRegistrationDelegate$BeanPostProcessorChecker Bean 'com.baomidou.dynamic.datasource.spring.boot.autoconfigure.DynamicDataSourceAutoConfiguration' of type [com.baomidou.dynamic.datasource.spring.boot.autoconfigure.DynamicDataSourceAutoConfiguration$$EnhancerBySpringCGLIB$$c51e8609] is not eligible for getting processed by all BeanPostProcessors (for example: not eligible for auto-proxying)
2023-07-27 11:42:02 INFO  springAppName_IS_UNDEFINED main org.springframework.context.support.PostProcessorRegistrationDelegate$BeanPostProcessorChecker Bean 'dsProcessor' of type [com.baomidou.dynamic.datasource.processor.DsHeaderProcessor] is not eligible for getting processed by all BeanPostProcessors (for example: not eligible for auto-proxying)
2023-07-27 11:42:03 INFO  springAppName_IS_UNDEFINED main org.springframework.boot.web.embedded.tomcat.TomcatWebServer Tomcat initialized with port(s): 9099 (http)
2023-07-27 11:42:03 INFO  springAppName_IS_UNDEFINED main org.apache.coyote.http11.Http11NioProtocol Initializing ProtocolHandler ["http-nio-9099"]
2023-07-27 11:42:03 INFO  springAppName_IS_UNDEFINED main org.apache.catalina.core.StandardService Starting service [Tomcat]
2023-07-27 11:42:03 INFO  springAppName_IS_UNDEFINED main org.apache.catalina.core.StandardEngine Starting Servlet engine: [Apache Tomcat/9.0.70]
2023-07-27 11:42:03 INFO  springAppName_IS_UNDEFINED main org.apache.catalina.core.ContainerBase.[Tomcat].[localhost].[/] Initializing Spring embedded WebApplicationContext
2023-07-27 11:42:03 INFO  springAppName_IS_UNDEFINED main org.springframework.boot.web.servlet.context.ServletWebServerApplicationContext Root WebApplicationContext: initialization completed in 2478 ms
2023-07-27 11:42:06 INFO  springAppName_IS_UNDEFINED main com.alibaba.druid.pool.DruidDataSource {dataSource-1,master} inited
2023-07-27 11:42:06 INFO  springAppName_IS_UNDEFINED main com.alibaba.druid.pool.DruidDataSource {dataSource-2,mysql} inited
2023-07-27 11:42:06 INFO  springAppName_IS_UNDEFINED main com.alibaba.druid.pool.DruidDataSource {dataSource-3,sqlserver} inited
2023-07-27 11:42:06 INFO  springAppName_IS_UNDEFINED main com.alibaba.druid.pool.DruidDataSource {dataSource-4,Oracle} inited
2023-07-27 11:42:06 INFO  springAppName_IS_UNDEFINED main com.baomidou.dynamic.datasource.DynamicRoutingDataSource dynamic-datasource - add a datasource named [sqlserver] success
2023-07-27 11:42:06 INFO  springAppName_IS_UNDEFINED main com.baomidou.dynamic.datasource.DynamicRoutingDataSource dynamic-datasource - add a datasource named [mysql] success
2023-07-27 11:42:06 INFO  springAppName_IS_UNDEFINED main com.baomidou.dynamic.datasource.DynamicRoutingDataSource dynamic-datasource - add a datasource named [Oracle] success
2023-07-27 11:42:06 INFO  springAppName_IS_UNDEFINED main com.baomidou.dynamic.datasource.DynamicRoutingDataSource dynamic-datasource - add a datasource named [master] success
2023-07-27 11:42:06 INFO  springAppName_IS_UNDEFINED main com.baomidou.dynamic.datasource.DynamicRoutingDataSource dynamic-datasource initial loaded [4] datasource,primary datasource named [master]
2023-07-27 11:42:08 INFO  springAppName_IS_UNDEFINED main org.quartz.impl.StdSchedulerFactory Using default implementation for ThreadExecutor
2023-07-27 11:42:08 INFO  springAppName_IS_UNDEFINED main org.quartz.core.SchedulerSignalerImpl Initialized Scheduler Signaller of type: class org.quartz.core.SchedulerSignalerImpl
2023-07-27 11:42:08 INFO  springAppName_IS_UNDEFINED main org.quartz.core.QuartzScheduler Quartz Scheduler v.2.3.2 created.
2023-07-27 11:42:08 INFO  springAppName_IS_UNDEFINED main org.quartz.simpl.RAMJobStore RAMJobStore initialized.
2023-07-27 11:42:08 INFO  springAppName_IS_UNDEFINED main org.quartz.core.QuartzScheduler Scheduler meta-data: Quartz Scheduler (v2.3.2) 'quartzScheduler' with instanceId 'NON_CLUSTERED'
  Scheduler class: 'org.quartz.core.QuartzScheduler' - running locally.
  NOT STARTED.
  Currently in standby mode.
  Number of jobs executed: 0
  Using thread pool 'org.quartz.simpl.SimpleThreadPool' - with 10 threads.
  Using job-store 'org.quartz.simpl.RAMJobStore' - which does not support persistence. and is not clustered.

2023-07-27 11:42:08 INFO  springAppName_IS_UNDEFINED main org.quartz.impl.StdSchedulerFactory Quartz scheduler 'quartzScheduler' initialized from an externally provided properties instance.
2023-07-27 11:42:08 INFO  springAppName_IS_UNDEFINED main org.quartz.impl.StdSchedulerFactory Quartz scheduler version: 2.3.2
2023-07-27 11:42:08 INFO  springAppName_IS_UNDEFINED main org.quartz.core.QuartzScheduler JobFactory set to: org.springframework.scheduling.quartz.SpringBeanJobFactory@38cf3ae1
2023-07-27 11:42:09 INFO  springAppName_IS_UNDEFINED main org.apache.coyote.http11.Http11NioProtocol Starting ProtocolHandler ["http-nio-9099"]
2023-07-27 11:42:09 INFO  springAppName_IS_UNDEFINED main org.springframework.boot.web.embedded.tomcat.TomcatWebServer Tomcat started on port(s): 9099 (http) with context path ''
2023-07-27 11:42:10 INFO  springAppName_IS_UNDEFINED main org.springframework.amqp.rabbit.connection.CachingConnectionFactory Attempting to connect to: [127.0.0.1:5672]
2023-07-27 11:42:10 INFO  springAppName_IS_UNDEFINED main org.springframework.amqp.rabbit.connection.CachingConnectionFactory Created new connection: rabbitConnectionFactory#6ffd4c0d:0/SimpleConnection@2078bf0a [delegate=amqp://guest@127.0.0.1:5672/, localPort= 53035]
2023-07-27 11:42:10 INFO  springAppName_IS_UNDEFINED main org.springframework.scheduling.quartz.SchedulerFactoryBean Starting Quartz Scheduler now
2023-07-27 11:42:10 INFO  springAppName_IS_UNDEFINED main org.quartz.core.QuartzScheduler Scheduler quartzScheduler_$_NON_CLUSTERED started.
2023-07-27 11:42:10 INFO  springAppName_IS_UNDEFINED main com.example.localdemo.LocalDemoApplication Started LocalDemoApplication in 10.236 seconds (JVM running for 12.361)
2023-07-27 11:42:42 INFO  springAppName_IS_UNDEFINED http-nio-9099-exec-1 org.apache.catalina.core.ContainerBase.[Tomcat].[localhost].[/] Initializing Spring DispatcherServlet 'dispatcherServlet'
2023-07-27 11:42:42 INFO  springAppName_IS_UNDEFINED http-nio-9099-exec-1 org.springframework.web.servlet.DispatcherServlet Initializing Servlet 'dispatcherServlet'
2023-07-27 11:42:42 INFO  springAppName_IS_UNDEFINED http-nio-9099-exec-1 org.springframework.web.servlet.DispatcherServlet Completed initialization in 4 ms
2023-07-27 11:42:42 INFO  springAppName_IS_UNDEFINED http-nio-9099-exec-1 com.example.localdemo.annotation.aspect.TakeTimeAspect [executeJob]方法开始时间：2023-11-27 11:42:42
2023-07-27 11:42:42 INFO  springAppName_IS_UNDEFINED http-nio-9099-exec-1 com.example.localdemo.annotation.aspect.TakeTimeAspect [executeJob]方法,请求的时间为：2023-11-27 11:42:42,请求的介质为：PostmanRuntime/7.32.3,当前请求的URL为：http://127.0.0.1:9099/sys/quartzJob/execute,请求类型为：POST,用户请求的IP地址为：127.0.0.1
2023-07-27 11:42:43 INFO  springAppName_IS_UNDEFINED http-nio-9099-exec-1 com.example.localdemo.authentication.TokenAspect The token was expected 3 parts, but got 1.
2023-07-27 11:42:43 INFO  springAppName_IS_UNDEFINED http-nio-9099-exec-1 org.quartz.core.QuartzScheduler Scheduler quartzScheduler_$_NON_CLUSTERED started.
2023-07-27 11:42:43 INFO  springAppName_IS_UNDEFINED http-nio-9099-exec-1 com.example.localdemo.annotation.aspect.TakeTimeAspect 请求返回的结果为：{"code":0,"message":"后台事务：com.example.localdemo.job.ClearLogs启动成功！","success":true,"timeStamp":1690429363,"total":0}
2023-07-27 11:42:43 INFO  springAppName_IS_UNDEFINED http-nio-9099-exec-1 com.example.localdemo.annotation.aspect.TakeTimeAspect [executeJob]方法结束时间：2023-11-27 11:42:43
2023-07-27 11:42:43 INFO  springAppName_IS_UNDEFINED http-nio-9099-exec-1 com.example.localdemo.annotation.aspect.TakeTimeAspect [executeJob]方法消耗时间：1070 ms
2023-07-27 11:42:43 INFO  springAppName_IS_UNDEFINED org.springframework.amqp.rabbit.RabbitListenerEndpointContainer#0-1 com.example.localdemo.mq.receiver.DirectLogReceiver 获取到log-queue队列的消息数据为：LogMessage(id=1684408948645429248, startTime=Thu Jul 27 11:42:42 CST 2023, requestStyle=PostmanRuntime/7.32.3, requestUrl=http://127.0.0.1:9099/sys/quartzJob/execute, requestType=POST, requestIp=127.0.0.1, requestResult=null, endTime=Thu Jul 27 11:42:43 CST 2023, expendTime=1070)
2023-07-27 11:42:43 INFO  springAppName_IS_UNDEFINED org.springframework.amqp.rabbit.RabbitListenerEndpointContainer#0-1 com.example.localdemo.mq.receiver.DirectLogReceiver log-queue队列的消息数据存储成功
2023-07-27 11:43:00 INFO  springAppName_IS_UNDEFINED quartzScheduler_Worker-1 com.example.localdemo.job.ClearLogs ===============[start]进入执行日志清理脚本的后台事务===============
2023-07-27 11:43:00 INFO  springAppName_IS_UNDEFINED quartzScheduler_Worker-1 com.example.localdemo.job.ClearLogs 读取的行数据为:
2023-07-27 11:43:00 INFO  springAppName_IS_UNDEFINED quartzScheduler_Worker-1 com.example.localdemo.job.ClearLogs 读取的行数据为:Windows IP 配置
2023-07-27 11:43:00 INFO  springAppName_IS_UNDEFINED quartzScheduler_Worker-1 com.example.localdemo.job.ClearLogs 读取的行数据为:
2023-07-27 11:43:00 INFO  springAppName_IS_UNDEFINED quartzScheduler_Worker-1 com.example.localdemo.job.ClearLogs 读取的行数据为:
2023-07-27 11:43:00 INFO  springAppName_IS_UNDEFINED quartzScheduler_Worker-1 com.example.localdemo.job.ClearLogs 读取的行数据为:以太网适配器 以太网 6:
2023-07-27 11:43:00 INFO  springAppName_IS_UNDEFINED quartzScheduler_Worker-1 com.example.localdemo.job.ClearLogs 读取的行数据为:
2023-07-27 11:43:00 INFO  springAppName_IS_UNDEFINED quartzScheduler_Worker-1 com.example.localdemo.job.ClearLogs 读取的行数据为:   媒体状态  . . . . . . . . . . . . : 媒体已断开连接
2023-07-27 11:43:00 INFO  springAppName_IS_UNDEFINED quartzScheduler_Worker-1 com.example.localdemo.job.ClearLogs 读取的行数据为:   连接特定的 DNS 后缀 . . . . . . . : 
2023-07-27 11:43:00 INFO  springAppName_IS_UNDEFINED quartzScheduler_Worker-1 com.example.localdemo.job.ClearLogs 读取的行数据为:
2023-07-27 11:43:00 INFO  springAppName_IS_UNDEFINED quartzScheduler_Worker-1 com.example.localdemo.job.ClearLogs 读取的行数据为:未知适配器 本地连接:
2023-07-27 11:43:00 INFO  springAppName_IS_UNDEFINED quartzScheduler_Worker-1 com.example.localdemo.job.ClearLogs 读取的行数据为:
2023-07-27 11:43:00 INFO  springAppName_IS_UNDEFINED quartzScheduler_Worker-1 com.example.localdemo.job.ClearLogs 读取的行数据为:   媒体状态  . . . . . . . . . . . . : 媒体已断开连接
2023-07-27 11:43:00 INFO  springAppName_IS_UNDEFINED quartzScheduler_Worker-1 com.example.localdemo.job.ClearLogs 读取的行数据为:   连接特定的 DNS 后缀 . . . . . . . : 
2023-07-27 11:43:00 INFO  springAppName_IS_UNDEFINED quartzScheduler_Worker-1 com.example.localdemo.job.ClearLogs 读取的行数据为:
2023-07-27 11:43:00 INFO  springAppName_IS_UNDEFINED quartzScheduler_Worker-1 com.example.localdemo.job.ClearLogs 读取的行数据为:无线局域网适配器 本地连接* 13:
2023-07-27 11:43:00 INFO  springAppName_IS_UNDEFINED quartzScheduler_Worker-1 com.example.localdemo.job.ClearLogs 读取的行数据为:
2023-07-27 11:43:00 INFO  springAppName_IS_UNDEFINED quartzScheduler_Worker-1 com.example.localdemo.job.ClearLogs 读取的行数据为:   媒体状态  . . . . . . . . . . . . : 媒体已断开连接
2023-07-27 11:43:00 INFO  springAppName_IS_UNDEFINED quartzScheduler_Worker-1 com.example.localdemo.job.ClearLogs 读取的行数据为:   连接特定的 DNS 后缀 . . . . . . . : 
2023-07-27 11:43:00 INFO  springAppName_IS_UNDEFINED quartzScheduler_Worker-1 com.example.localdemo.job.ClearLogs 读取的行数据为:
2023-07-27 11:43:00 INFO  springAppName_IS_UNDEFINED quartzScheduler_Worker-1 com.example.localdemo.job.ClearLogs 读取的行数据为:无线局域网适配器 本地连接* 14:
2023-07-27 11:43:00 INFO  springAppName_IS_UNDEFINED quartzScheduler_Worker-1 com.example.localdemo.job.ClearLogs 读取的行数据为:
2023-07-27 11:43:00 INFO  springAppName_IS_UNDEFINED quartzScheduler_Worker-1 com.example.localdemo.job.ClearLogs 读取的行数据为:   媒体状态  . . . . . . . . . . . . : 媒体已断开连接
2023-07-27 11:43:00 INFO  springAppName_IS_UNDEFINED quartzScheduler_Worker-1 com.example.localdemo.job.ClearLogs 读取的行数据为:   连接特定的 DNS 后缀 . . . . . . . : 
2023-07-27 11:43:00 INFO  springAppName_IS_UNDEFINED quartzScheduler_Worker-1 com.example.localdemo.job.ClearLogs 读取的行数据为:
2023-07-27 11:43:00 INFO  springAppName_IS_UNDEFINED quartzScheduler_Worker-1 com.example.localdemo.job.ClearLogs 读取的行数据为:以太网适配器 以太网 7:
2023-07-27 11:43:00 INFO  springAppName_IS_UNDEFINED quartzScheduler_Worker-1 com.example.localdemo.job.ClearLogs 读取的行数据为:
2023-07-27 11:43:00 INFO  springAppName_IS_UNDEFINED quartzScheduler_Worker-1 com.example.localdemo.job.ClearLogs 读取的行数据为:   媒体状态  . . . . . . . . . . . . : 媒体已断开连接
2023-07-27 11:43:00 INFO  springAppName_IS_UNDEFINED quartzScheduler_Worker-1 com.example.localdemo.job.ClearLogs 读取的行数据为:   连接特定的 DNS 后缀 . . . . . . . : 
2023-07-27 11:43:00 INFO  springAppName_IS_UNDEFINED quartzScheduler_Worker-1 com.example.localdemo.job.ClearLogs 读取的行数据为:
2023-07-27 11:43:00 INFO  springAppName_IS_UNDEFINED quartzScheduler_Worker-1 com.example.localdemo.job.ClearLogs 读取的行数据为:以太网适配器 VMware Network Adapter VMnet1:
2023-07-27 11:43:00 INFO  springAppName_IS_UNDEFINED quartzScheduler_Worker-1 com.example.localdemo.job.ClearLogs 读取的行数据为:
2023-07-27 11:43:00 INFO  springAppName_IS_UNDEFINED quartzScheduler_Worker-1 com.example.localdemo.job.ClearLogs 读取的行数据为:   连接特定的 DNS 后缀 . . . . . . . : 
2023-07-27 11:43:00 INFO  springAppName_IS_UNDEFINED quartzScheduler_Worker-1 com.example.localdemo.job.ClearLogs 读取的行数据为:   本地链接 IPv6 地址. . . . . . . . : fe80::740a:b360:9fea:e196%2
2023-07-27 11:43:00 INFO  springAppName_IS_UNDEFINED quartzScheduler_Worker-1 com.example.localdemo.job.ClearLogs 读取的行数据为:   自动配置 IPv4 地址  . . . . . . . : 169.254.190.100
2023-07-27 11:43:00 INFO  springAppName_IS_UNDEFINED quartzScheduler_Worker-1 com.example.localdemo.job.ClearLogs 读取的行数据为:   子网掩码  . . . . . . . . . . . . : 255.255.0.0
2023-07-27 11:43:00 INFO  springAppName_IS_UNDEFINED quartzScheduler_Worker-1 com.example.localdemo.job.ClearLogs 读取的行数据为:   默认网关. . . . . . . . . . . . . : 
2023-07-27 11:43:00 INFO  springAppName_IS_UNDEFINED quartzScheduler_Worker-1 com.example.localdemo.job.ClearLogs 读取的行数据为:
2023-07-27 11:43:00 INFO  springAppName_IS_UNDEFINED quartzScheduler_Worker-1 com.example.localdemo.job.ClearLogs 读取的行数据为:以太网适配器 VMware Network Adapter VMnet8:
2023-07-27 11:43:00 INFO  springAppName_IS_UNDEFINED quartzScheduler_Worker-1 com.example.localdemo.job.ClearLogs 读取的行数据为:
2023-07-27 11:43:00 INFO  springAppName_IS_UNDEFINED quartzScheduler_Worker-1 com.example.localdemo.job.ClearLogs 读取的行数据为:   连接特定的 DNS 后缀 . . . . . . . : 
2023-07-27 11:43:00 INFO  springAppName_IS_UNDEFINED quartzScheduler_Worker-1 com.example.localdemo.job.ClearLogs 读取的行数据为:   本地链接 IPv6 地址. . . . . . . . : fe80::3437:e1de:ba8e:d3d4%27
2023-07-27 11:43:00 INFO  springAppName_IS_UNDEFINED quartzScheduler_Worker-1 com.example.localdemo.job.ClearLogs 读取的行数据为:   自动配置 IPv4 地址  . . . . . . . : 169.254.202.235
2023-07-27 11:43:00 INFO  springAppName_IS_UNDEFINED quartzScheduler_Worker-1 com.example.localdemo.job.ClearLogs 读取的行数据为:   子网掩码  . . . . . . . . . . . . : 255.255.0.0
2023-07-27 11:43:00 INFO  springAppName_IS_UNDEFINED quartzScheduler_Worker-1 com.example.localdemo.job.ClearLogs 读取的行数据为:   默认网关. . . . . . . . . . . . . : 
2023-07-27 11:43:00 INFO  springAppName_IS_UNDEFINED quartzScheduler_Worker-1 com.example.localdemo.job.ClearLogs 读取的行数据为:
2023-07-27 11:43:00 INFO  springAppName_IS_UNDEFINED quartzScheduler_Worker-1 com.example.localdemo.job.ClearLogs 读取的行数据为:以太网适配器 以太网 3:
2023-07-27 11:43:00 INFO  springAppName_IS_UNDEFINED quartzScheduler_Worker-1 com.example.localdemo.job.ClearLogs 读取的行数据为:
2023-07-27 11:43:00 INFO  springAppName_IS_UNDEFINED quartzScheduler_Worker-1 com.example.localdemo.job.ClearLogs 读取的行数据为:   媒体状态  . . . . . . . . . . . . : 媒体已断开连接
2023-07-27 11:43:00 INFO  springAppName_IS_UNDEFINED quartzScheduler_Worker-1 com.example.localdemo.job.ClearLogs 读取的行数据为:   连接特定的 DNS 后缀 . . . . . . . : 
2023-07-27 11:43:00 INFO  springAppName_IS_UNDEFINED quartzScheduler_Worker-1 com.example.localdemo.job.ClearLogs 读取的行数据为:
2023-07-27 11:43:00 INFO  springAppName_IS_UNDEFINED quartzScheduler_Worker-1 com.example.localdemo.job.ClearLogs 读取的行数据为:无线局域网适配器 WLAN:
2023-07-27 11:43:00 INFO  springAppName_IS_UNDEFINED quartzScheduler_Worker-1 com.example.localdemo.job.ClearLogs 读取的行数据为:
2023-07-27 11:43:00 INFO  springAppName_IS_UNDEFINED quartzScheduler_Worker-1 com.example.localdemo.job.ClearLogs 读取的行数据为:   连接特定的 DNS 后缀 . . . . . . . : lan
2023-07-27 11:43:00 INFO  springAppName_IS_UNDEFINED quartzScheduler_Worker-1 com.example.localdemo.job.ClearLogs 读取的行数据为:   本地链接 IPv6 地址. . . . . . . . : fe80::26cb:98b:758d:67e0%18
2023-07-27 11:43:00 INFO  springAppName_IS_UNDEFINED quartzScheduler_Worker-1 com.example.localdemo.job.ClearLogs 读取的行数据为:   IPv4 地址 . . . . . . . . . . . . : 192.168.199.121
2023-07-27 11:43:00 INFO  springAppName_IS_UNDEFINED quartzScheduler_Worker-1 com.example.localdemo.job.ClearLogs 读取的行数据为:   子网掩码  . . . . . . . . . . . . : 255.255.255.0
2023-07-27 11:43:00 INFO  springAppName_IS_UNDEFINED quartzScheduler_Worker-1 com.example.localdemo.job.ClearLogs 读取的行数据为:   默认网关. . . . . . . . . . . . . : 192.168.199.1
2023-07-27 11:43:00 INFO  springAppName_IS_UNDEFINED quartzScheduler_Worker-1 com.example.localdemo.job.ClearLogs ===============[end]脚本执行完毕===============
2023-07-27 11:43:11 INFO  springAppName_IS_UNDEFINED http-nio-9099-exec-3 com.example.localdemo.annotation.aspect.TakeTimeAspect [pauseJob]方法开始时间：2023-11-27 11:43:11
2023-07-27 11:43:11 INFO  springAppName_IS_UNDEFINED http-nio-9099-exec-3 com.example.localdemo.annotation.aspect.TakeTimeAspect [pauseJob]方法,请求的时间为：2023-11-27 11:43:11,请求的介质为：PostmanRuntime/7.32.3,当前请求的URL为：http://127.0.0.1:9099/sys/quartzJob/pause,请求类型为：POST,用户请求的IP地址为：127.0.0.1
2023-07-27 11:43:11 INFO  springAppName_IS_UNDEFINED http-nio-9099-exec-3 com.example.localdemo.annotation.aspect.TakeTimeAspect 请求返回的结果为：{"code":0,"message":"后台事务：com.example.localdemo.job.ClearLogs停止成功！","success":true,"timeStamp":1690429391,"total":0}
2023-07-27 11:43:11 INFO  springAppName_IS_UNDEFINED http-nio-9099-exec-3 com.example.localdemo.annotation.aspect.TakeTimeAspect [pauseJob]方法结束时间：2023-11-27 11:43:11
2023-07-27 11:43:11 INFO  springAppName_IS_UNDEFINED http-nio-9099-exec-3 com.example.localdemo.annotation.aspect.TakeTimeAspect [pauseJob]方法消耗时间：11 ms
2023-07-27 11:43:11 INFO  springAppName_IS_UNDEFINED org.springframework.amqp.rabbit.RabbitListenerEndpointContainer#0-1 com.example.localdemo.mq.receiver.DirectLogReceiver 获取到log-queue队列的消息数据为：LogMessage(id=1684409067176460288, startTime=Thu Jul 27 11:43:11 CST 2023, requestStyle=PostmanRuntime/7.32.3, requestUrl=http://127.0.0.1:9099/sys/quartzJob/pause, requestType=POST, requestIp=127.0.0.1, requestResult=null, endTime=Thu Jul 27 11:43:11 CST 2023, expendTime=11)
2023-07-27 11:43:11 INFO  springAppName_IS_UNDEFINED org.springframework.amqp.rabbit.RabbitListenerEndpointContainer#0-1 com.example.localdemo.mq.receiver.DirectLogReceiver log-queue队列的消息数据存储成功
2023-07-27 19:27:37 INFO  springAppName_IS_UNDEFINED org.springframework.amqp.rabbit.RabbitListenerEndpointContainer#0-2 org.springframework.amqp.rabbit.listener.SimpleMessageListenerContainer Waiting for workers to finish.
2023-07-27 19:27:37 INFO  springAppName_IS_UNDEFINED SpringApplicationShutdownHook org.quartz.core.QuartzScheduler Scheduler quartzScheduler_$_NON_CLUSTERED paused.
2023-07-27 19:27:38 INFO  springAppName_IS_UNDEFINED org.springframework.amqp.rabbit.RabbitListenerEndpointContainer#0-2 org.springframework.amqp.rabbit.listener.SimpleMessageListenerContainer Successfully waited for workers to finish.
2023-07-27 19:27:38 INFO  springAppName_IS_UNDEFINED SpringApplicationShutdownHook org.springframework.amqp.rabbit.listener.SimpleMessageListenerContainer Shutdown ignored - container is already stopped
2023-07-27 19:27:38 INFO  springAppName_IS_UNDEFINED SpringApplicationShutdownHook org.springframework.scheduling.quartz.SchedulerFactoryBean Shutting down Quartz Scheduler
2023-07-27 19:27:38 INFO  springAppName_IS_UNDEFINED SpringApplicationShutdownHook org.quartz.core.QuartzScheduler Scheduler quartzScheduler_$_NON_CLUSTERED shutting down.
2023-07-27 19:27:38 INFO  springAppName_IS_UNDEFINED SpringApplicationShutdownHook org.quartz.core.QuartzScheduler Scheduler quartzScheduler_$_NON_CLUSTERED paused.
2023-07-27 19:27:38 INFO  springAppName_IS_UNDEFINED SpringApplicationShutdownHook org.quartz.core.QuartzScheduler Scheduler quartzScheduler_$_NON_CLUSTERED shutdown complete.
2023-07-27 19:27:38 INFO  springAppName_IS_UNDEFINED SpringApplicationShutdownHook com.baomidou.dynamic.datasource.DynamicRoutingDataSource dynamic-datasource start closing ....
2023-07-27 19:27:38 INFO  springAppName_IS_UNDEFINED SpringApplicationShutdownHook com.alibaba.druid.pool.DruidDataSource {dataSource-3} closed
2023-07-27 19:27:38 INFO  springAppName_IS_UNDEFINED SpringApplicationShutdownHook com.alibaba.druid.pool.DruidDataSource {dataSource-2} closed
2023-07-27 19:27:38 INFO  springAppName_IS_UNDEFINED SpringApplicationShutdownHook com.alibaba.druid.pool.DruidDataSource {dataSource-4} closed
2023-07-27 19:27:38 INFO  springAppName_IS_UNDEFINED SpringApplicationShutdownHook com.alibaba.druid.pool.DruidDataSource {dataSource-1} closed
2023-07-27 19:27:38 INFO  springAppName_IS_UNDEFINED SpringApplicationShutdownHook com.baomidou.dynamic.datasource.DynamicRoutingDataSource dynamic-datasource all closed success,bye
2023-07-27 20:05:40 INFO  LocalDemo background-preinit org.hibernate.validator.internal.util.Version HV000001: Hibernate Validator 6.2.5.Final
2023-07-27 20:05:40 INFO  LocalDemo main com.example.localdemo.LocalDemoApplication Starting LocalDemoApplication using Java 1.8.0_291 on LAPTOP-BN3IUSRS with PID 4536 (H:\Java Idea Project\LocalDemo\target\classes started by siyu in H:\Java Idea Project\LocalDemo)
2023-07-27 20:05:40 INFO  LocalDemo main com.example.localdemo.LocalDemoApplication The following 1 profile is active: "prod"
2023-07-27 20:05:41 INFO  LocalDemo main org.springframework.data.repository.config.RepositoryConfigurationDelegate Multiple Spring Data modules found, entering strict repository configuration mode
2023-07-27 20:05:41 INFO  LocalDemo main org.springframework.data.repository.config.RepositoryConfigurationDelegate Bootstrapping Spring Data Redis repositories in DEFAULT mode.
2023-07-27 20:05:41 INFO  LocalDemo main org.springframework.data.repository.config.RepositoryConfigurationDelegate Finished Spring Data repository scanning in 18 ms. Found 0 Redis repository interfaces.
2023-07-27 20:05:42 INFO  LocalDemo main org.springframework.context.support.PostProcessorRegistrationDelegate$BeanPostProcessorChecker Bean 'spring.datasource.dynamic-com.baomidou.dynamic.datasource.spring.boot.autoconfigure.DynamicDataSourceProperties' of type [com.baomidou.dynamic.datasource.spring.boot.autoconfigure.DynamicDataSourceProperties] is not eligible for getting processed by all BeanPostProcessors (for example: not eligible for auto-proxying)
2023-07-27 20:05:42 INFO  LocalDemo main org.springframework.context.support.PostProcessorRegistrationDelegate$BeanPostProcessorChecker Bean 'com.baomidou.dynamic.datasource.spring.boot.autoconfigure.DynamicDataSourceAutoConfiguration' of type [com.baomidou.dynamic.datasource.spring.boot.autoconfigure.DynamicDataSourceAutoConfiguration$$EnhancerBySpringCGLIB$$8412a7e1] is not eligible for getting processed by all BeanPostProcessors (for example: not eligible for auto-proxying)
2023-07-27 20:05:42 INFO  LocalDemo main org.springframework.context.support.PostProcessorRegistrationDelegate$BeanPostProcessorChecker Bean 'dsProcessor' of type [com.baomidou.dynamic.datasource.processor.DsHeaderProcessor] is not eligible for getting processed by all BeanPostProcessors (for example: not eligible for auto-proxying)
2023-07-27 20:05:43 INFO  LocalDemo main org.springframework.boot.web.embedded.tomcat.TomcatWebServer Tomcat initialized with port(s): 9099 (http)
2023-07-27 20:05:43 INFO  LocalDemo main org.apache.coyote.http11.Http11NioProtocol Initializing ProtocolHandler ["http-nio-9099"]
2023-07-27 20:05:43 INFO  LocalDemo main org.apache.catalina.core.StandardService Starting service [Tomcat]
2023-07-27 20:05:43 INFO  LocalDemo main org.apache.catalina.core.StandardEngine Starting Servlet engine: [Apache Tomcat/9.0.70]
2023-07-27 20:05:43 INFO  LocalDemo main org.apache.catalina.core.ContainerBase.[Tomcat].[localhost].[/] Initializing Spring embedded WebApplicationContext
2023-07-27 20:05:43 INFO  LocalDemo main org.springframework.boot.web.servlet.context.ServletWebServerApplicationContext Root WebApplicationContext: initialization completed in 2864 ms
2023-07-27 20:05:47 INFO  LocalDemo main com.alibaba.druid.pool.DruidDataSource {dataSource-1,master} inited
2023-07-27 20:05:47 INFO  LocalDemo main com.alibaba.druid.pool.DruidDataSource {dataSource-2,mysql} inited
2023-07-27 20:05:47 INFO  LocalDemo main com.alibaba.druid.pool.DruidDataSource {dataSource-3,sqlserver} inited
2023-07-27 20:05:47 INFO  LocalDemo main com.alibaba.druid.pool.DruidDataSource {dataSource-4,Oracle} inited
2023-07-27 20:05:47 INFO  LocalDemo main com.baomidou.dynamic.datasource.DynamicRoutingDataSource dynamic-datasource - add a datasource named [sqlserver] success
2023-07-27 20:05:47 INFO  LocalDemo main com.baomidou.dynamic.datasource.DynamicRoutingDataSource dynamic-datasource - add a datasource named [mysql] success
2023-07-27 20:05:47 INFO  LocalDemo main com.baomidou.dynamic.datasource.DynamicRoutingDataSource dynamic-datasource - add a datasource named [Oracle] success
2023-07-27 20:05:47 INFO  LocalDemo main com.baomidou.dynamic.datasource.DynamicRoutingDataSource dynamic-datasource - add a datasource named [master] success
2023-07-27 20:05:47 INFO  LocalDemo main com.baomidou.dynamic.datasource.DynamicRoutingDataSource dynamic-datasource initial loaded [4] datasource,primary datasource named [master]
2023-07-27 20:05:49 INFO  LocalDemo main org.quartz.impl.StdSchedulerFactory Using default implementation for ThreadExecutor
2023-07-27 20:05:49 INFO  LocalDemo main org.quartz.core.SchedulerSignalerImpl Initialized Scheduler Signaller of type: class org.quartz.core.SchedulerSignalerImpl
2023-07-27 20:05:49 INFO  LocalDemo main org.quartz.core.QuartzScheduler Quartz Scheduler v.2.3.2 created.
2023-07-27 20:05:49 INFO  LocalDemo main org.quartz.simpl.RAMJobStore RAMJobStore initialized.
2023-07-27 20:05:49 INFO  LocalDemo main org.quartz.core.QuartzScheduler Scheduler meta-data: Quartz Scheduler (v2.3.2) 'quartzScheduler' with instanceId 'NON_CLUSTERED'
  Scheduler class: 'org.quartz.core.QuartzScheduler' - running locally.
  NOT STARTED.
  Currently in standby mode.
  Number of jobs executed: 0
  Using thread pool 'org.quartz.simpl.SimpleThreadPool' - with 10 threads.
  Using job-store 'org.quartz.simpl.RAMJobStore' - which does not support persistence. and is not clustered.

2023-07-27 20:05:49 INFO  LocalDemo main org.quartz.impl.StdSchedulerFactory Quartz scheduler 'quartzScheduler' initialized from an externally provided properties instance.
2023-07-27 20:05:49 INFO  LocalDemo main org.quartz.impl.StdSchedulerFactory Quartz scheduler version: 2.3.2
2023-07-27 20:05:49 INFO  LocalDemo main org.quartz.core.QuartzScheduler JobFactory set to: org.springframework.scheduling.quartz.SpringBeanJobFactory@486bcaa
2023-07-27 20:05:51 INFO  LocalDemo main org.apache.coyote.http11.Http11NioProtocol Starting ProtocolHandler ["http-nio-9099"]
2023-07-27 20:05:51 INFO  LocalDemo main org.springframework.boot.web.embedded.tomcat.TomcatWebServer Tomcat started on port(s): 9099 (http) with context path ''
2023-07-27 20:05:51 INFO  LocalDemo main org.springframework.amqp.rabbit.connection.CachingConnectionFactory Attempting to connect to: [127.0.0.1:5672]
2023-07-27 20:05:52 INFO  LocalDemo main org.springframework.amqp.rabbit.connection.CachingConnectionFactory Created new connection: rabbitConnectionFactory#4fdac2a7:0/SimpleConnection@4a49ce3a [delegate=amqp://guest@127.0.0.1:5672/, localPort= 61713]
2023-07-27 20:05:52 INFO  LocalDemo main org.springframework.scheduling.quartz.SchedulerFactoryBean Starting Quartz Scheduler now
2023-07-27 20:05:52 INFO  LocalDemo main org.quartz.core.QuartzScheduler Scheduler quartzScheduler_$_NON_CLUSTERED started.
2023-07-27 20:05:52 INFO  LocalDemo main com.example.localdemo.LocalDemoApplication Started LocalDemoApplication in 12.759 seconds (JVM running for 15.111)
2023-07-27 20:07:11 INFO  LocalDemo SpringApplicationShutdownHook org.quartz.core.QuartzScheduler Scheduler quartzScheduler_$_NON_CLUSTERED paused.
2023-07-27 20:07:11 INFO  LocalDemo org.springframework.amqp.rabbit.RabbitListenerEndpointContainer#0-2 org.springframework.amqp.rabbit.listener.SimpleMessageListenerContainer Waiting for workers to finish.
2023-07-27 20:07:11 INFO  LocalDemo org.springframework.amqp.rabbit.RabbitListenerEndpointContainer#0-2 org.springframework.amqp.rabbit.listener.SimpleMessageListenerContainer Successfully waited for workers to finish.
2023-07-27 20:07:12 INFO  LocalDemo SpringApplicationShutdownHook org.springframework.amqp.rabbit.listener.SimpleMessageListenerContainer Shutdown ignored - container is already stopped
2023-07-27 20:07:12 INFO  LocalDemo SpringApplicationShutdownHook org.springframework.scheduling.quartz.SchedulerFactoryBean Shutting down Quartz Scheduler
2023-07-27 20:07:12 INFO  LocalDemo SpringApplicationShutdownHook org.quartz.core.QuartzScheduler Scheduler quartzScheduler_$_NON_CLUSTERED shutting down.
2023-07-27 20:07:12 INFO  LocalDemo SpringApplicationShutdownHook org.quartz.core.QuartzScheduler Scheduler quartzScheduler_$_NON_CLUSTERED paused.
2023-07-27 20:07:12 INFO  LocalDemo SpringApplicationShutdownHook org.quartz.core.QuartzScheduler Scheduler quartzScheduler_$_NON_CLUSTERED shutdown complete.
2023-07-27 20:07:12 INFO  LocalDemo SpringApplicationShutdownHook com.baomidou.dynamic.datasource.DynamicRoutingDataSource dynamic-datasource start closing ....
2023-07-27 20:07:12 INFO  LocalDemo SpringApplicationShutdownHook com.alibaba.druid.pool.DruidDataSource {dataSource-3} closed
2023-07-27 20:07:12 INFO  LocalDemo SpringApplicationShutdownHook com.alibaba.druid.pool.DruidDataSource {dataSource-2} closed
2023-07-27 20:07:12 INFO  LocalDemo SpringApplicationShutdownHook com.alibaba.druid.pool.DruidDataSource {dataSource-4} closed
2023-07-27 20:07:12 INFO  LocalDemo SpringApplicationShutdownHook com.alibaba.druid.pool.DruidDataSource {dataSource-1} closed
2023-07-27 20:07:12 INFO  LocalDemo SpringApplicationShutdownHook com.baomidou.dynamic.datasource.DynamicRoutingDataSource dynamic-datasource all closed success,bye
